27-Feb-2024 00:04:41.161 INFO [http-nio-8080-exec-24] org.apache.catalina.core.StandardContext.reload Reloading Context with name [/SE1841] has started
27-Feb-2024 00:04:41.459 INFO [http-nio-8080-exec-24] org.apache.jasper.servlet.TldScanner.scanJars At least one JAR was scanned for TLDs yet contained no TLDs. Enable debug logging for this logger for a complete list of JARs that were scanned but no TLDs were found in them. Skipping unneeded JARs during scanning can improve startup time and JSP compilation time.
27-Feb-2024 00:04:41.469 INFO [http-nio-8080-exec-24] org.apache.catalina.core.StandardContext.reload Reloading Context with name [/SE1841] is completed
27-Feb-2024 00:07:12.805 INFO [http-nio-8080-exec-36] org.apache.catalina.core.StandardContext.reload Reloading Context with name [/SE1841] has started
27-Feb-2024 00:07:13.067 INFO [http-nio-8080-exec-36] org.apache.jasper.servlet.TldScanner.scanJars At least one JAR was scanned for TLDs yet contained no TLDs. Enable debug logging for this logger for a complete list of JARs that were scanned but no TLDs were found in them. Skipping unneeded JARs during scanning can improve startup time and JSP compilation time.
27-Feb-2024 00:07:13.076 INFO [http-nio-8080-exec-36] org.apache.catalina.core.StandardContext.reload Reloading Context with name [/SE1841] is completed
27-Feb-2024 00:37:58.860 INFO [main] org.apache.catalina.core.StandardServer.await A valid shutdown command was received via the shutdown port. Stopping the Server instance.
27-Feb-2024 00:37:58.860 INFO [main] org.apache.coyote.AbstractProtocol.pause Pausing ProtocolHandler ["http-nio-8080"]
27-Feb-2024 00:37:58.866 INFO [main] org.apache.catalina.core.StandardService.stopInternal Stopping service [Catalina]
27-Feb-2024 00:37:58.870 WARNING [main] org.apache.catalina.loader.WebappClassLoaderBase.clearReferencesJdbc The web application [se1841_home] registered the JDBC driver [com.microsoft.sqlserver.jdbc.SQLServerDriver] but failed to unregister it when the web application was stopped. To prevent a memory leak, the JDBC Driver has been forcibly unregistered.
27-Feb-2024 00:37:58.884 INFO [main] org.apache.coyote.AbstractProtocol.stop Stopping ProtocolHandler ["http-nio-8080"]
27-Feb-2024 00:37:58.905 INFO [main] org.apache.coyote.AbstractProtocol.destroy Destroying ProtocolHandler ["http-nio-8080"]
27-Feb-2024 12:56:37.663 INFO [main] org.apache.catalina.startup.VersionLoggerListener.log Server version name:   Apache Tomcat/10.1.17
27-Feb-2024 12:56:37.666 INFO [main] org.apache.catalina.startup.VersionLoggerListener.log Server built:          Dec 7 2023 23:31:38 UTC
27-Feb-2024 12:56:37.666 INFO [main] org.apache.catalina.startup.VersionLoggerListener.log Server version number: 10.1.17.0
27-Feb-2024 12:56:37.666 INFO [main] org.apache.catalina.startup.VersionLoggerListener.log OS Name:               Windows 11
27-Feb-2024 12:56:37.666 INFO [main] org.apache.catalina.startup.VersionLoggerListener.log OS Version:            10.0
27-Feb-2024 12:56:37.666 INFO [main] org.apache.catalina.startup.VersionLoggerListener.log Architecture:          amd64
27-Feb-2024 12:56:37.666 INFO [main] org.apache.catalina.startup.VersionLoggerListener.log Java Home:             C:\Program Files\Java\jdk-17
27-Feb-2024 12:56:37.666 INFO [main] org.apache.catalina.startup.VersionLoggerListener.log JVM Version:           17.0.9+11-LTS-201
27-Feb-2024 12:56:37.666 INFO [main] org.apache.catalina.startup.VersionLoggerListener.log JVM Vendor:            Oracle Corporation
27-Feb-2024 12:56:37.666 INFO [main] org.apache.catalina.startup.VersionLoggerListener.log CATALINA_BASE:         C:\apache-tomcat-10.1.17
27-Feb-2024 12:56:37.666 INFO [main] org.apache.catalina.startup.VersionLoggerListener.log CATALINA_HOME:         C:\apache-tomcat-10.1.17
27-Feb-2024 12:56:37.673 INFO [main] org.apache.catalina.startup.VersionLoggerListener.log Command line argument: -Djava.util.logging.config.file=C:\apache-tomcat-10.1.17\conf\logging.properties
27-Feb-2024 12:56:37.674 INFO [main] org.apache.catalina.startup.VersionLoggerListener.log Command line argument: -Djava.util.logging.manager=org.apache.juli.ClassLoaderLogManager
27-Feb-2024 12:56:37.674 INFO [main] org.apache.catalina.startup.VersionLoggerListener.log Command line argument: -Djdk.tls.ephemeralDHKeySize=2048
27-Feb-2024 12:56:37.674 INFO [main] org.apache.catalina.startup.VersionLoggerListener.log Command line argument: -Djava.protocol.handler.pkgs=org.apache.catalina.webresources
27-Feb-2024 12:56:37.674 INFO [main] org.apache.catalina.startup.VersionLoggerListener.log Command line argument: --add-opens=java.base/java.lang=ALL-UNNAMED
27-Feb-2024 12:56:37.674 INFO [main] org.apache.catalina.startup.VersionLoggerListener.log Command line argument: --add-opens=java.base/java.io=ALL-UNNAMED
27-Feb-2024 12:56:37.674 INFO [main] org.apache.catalina.startup.VersionLoggerListener.log Command line argument: --add-opens=java.base/java.util=ALL-UNNAMED
27-Feb-2024 12:56:37.674 INFO [main] org.apache.catalina.startup.VersionLoggerListener.log Command line argument: --add-opens=java.base/java.util.concurrent=ALL-UNNAMED
27-Feb-2024 12:56:37.674 INFO [main] org.apache.catalina.startup.VersionLoggerListener.log Command line argument: --add-opens=java.rmi/sun.rmi.transport=ALL-UNNAMED
27-Feb-2024 12:56:37.674 INFO [main] org.apache.catalina.startup.VersionLoggerListener.log Command line argument: -Dcatalina.base=C:\apache-tomcat-10.1.17
27-Feb-2024 12:56:37.674 INFO [main] org.apache.catalina.startup.VersionLoggerListener.log Command line argument: -Dcatalina.home=C:\apache-tomcat-10.1.17
27-Feb-2024 12:56:37.674 INFO [main] org.apache.catalina.startup.VersionLoggerListener.log Command line argument: -Djava.io.tmpdir=C:\apache-tomcat-10.1.17\temp
27-Feb-2024 12:56:37.679 INFO [main] org.apache.catalina.core.AprLifecycleListener.lifecycleEvent The Apache Tomcat Native library which allows using OpenSSL was not found on the java.library.path: [C:\Program Files\Java\jdk-17\bin;C:\WINDOWS\Sun\Java\bin;C:\WINDOWS\system32;C:\WINDOWS;C:\Program Files\Common Files\Oracle\Java\javapath;C:\Program Files (x86)\Common Files\Oracle\Java\javapath;C:\ProgramData\Oracle\Java\javapath;C:\Windows\system32;C:\Windows;C:\Windows\System32\Wbem;C:\Windows\System32\WindowsPowerShell\v1.0\;C:\Windows\System32\OpenSSH\;C:\Program Files (x86)\NVIDIA Corporation\PhysX\Common;C:\Program Files\Microsoft SQL Server\Client SDK\ODBC\170\Tools\Binn\;C:\Program Files\Azure Data Studio\bin;C:\Program Files (x86)\Microsoft SQL Server\160\Tools\Binn\;C:\Program Files\Microsoft SQL Server\160\Tools\Binn\;C:\Program Files\Microsoft SQL Server\160\DTS\Binn\;C:\Program Files (x86)\Microsoft SQL Server\160\DTS\Binn\;C:\WINDOWS\system32;C:\WINDOWS;C:\WINDOWS\System32\Wbem;C:\WINDOWS\System32\WindowsPowerShell\v1.0\;C:\WINDOWS\System32\OpenSSH\;C:\Users\Acer\AppData\Local\Microsoft\WindowsApps;;D:\java\IntelliJ IDEA Community Edition 2022.3\bin;;C:\Program Files\Azure Data Studio\bin;C:\Users\Acer\AppData\Local\Programs\Microsoft VS Code\bin;.]
27-Feb-2024 12:56:37.905 INFO [main] org.apache.coyote.AbstractProtocol.init Initializing ProtocolHandler ["http-nio-8080"]
27-Feb-2024 12:56:37.921 INFO [main] org.apache.catalina.startup.Catalina.load Server initialization in [385] milliseconds
27-Feb-2024 12:56:37.958 INFO [main] org.apache.catalina.core.StandardService.startInternal Starting service [Catalina]
27-Feb-2024 12:56:37.958 INFO [main] org.apache.catalina.core.StandardEngine.startInternal Starting Servlet engine: [Apache Tomcat/10.1.17]
27-Feb-2024 12:56:37.968 INFO [main] org.apache.catalina.startup.HostConfig.deployDescriptor Deploying deployment descriptor [C:\apache-tomcat-10.1.17\conf\Catalina\localhost\Project_banhang.xml]
27-Feb-2024 12:56:37.981 WARNING [main] org.apache.catalina.startup.HostConfig.deployDescriptor The path attribute with value [/Project_banhang] in deployment descriptor [C:\apache-tomcat-10.1.17\conf\Catalina\localhost\Project_banhang.xml] has been ignored
27-Feb-2024 12:56:38.582 INFO [main] org.apache.jasper.servlet.TldScanner.scanJars At least one JAR was scanned for TLDs yet contained no TLDs. Enable debug logging for this logger for a complete list of JARs that were scanned but no TLDs were found in them. Skipping unneeded JARs during scanning can improve startup time and JSP compilation time.
27-Feb-2024 12:56:38.643 INFO [main] org.apache.catalina.startup.HostConfig.deployDescriptor Deployment of deployment descriptor [C:\apache-tomcat-10.1.17\conf\Catalina\localhost\Project_banhang.xml] has finished in [675] ms
27-Feb-2024 12:56:38.644 INFO [main] org.apache.catalina.startup.HostConfig.deployDescriptor Deploying deployment descriptor [C:\apache-tomcat-10.1.17\conf\Catalina\localhost\SE1841.xml]
27-Feb-2024 12:56:38.644 WARNING [main] org.apache.catalina.startup.HostConfig.deployDescriptor The path attribute with value [/SE1841] in deployment descriptor [C:\apache-tomcat-10.1.17\conf\Catalina\localhost\SE1841.xml] has been ignored
27-Feb-2024 12:56:38.976 INFO [main] org.apache.jasper.servlet.TldScanner.scanJars At least one JAR was scanned for TLDs yet contained no TLDs. Enable debug logging for this logger for a complete list of JARs that were scanned but no TLDs were found in them. Skipping unneeded JARs during scanning can improve startup time and JSP compilation time.
27-Feb-2024 12:56:38.989 INFO [main] org.apache.catalina.startup.HostConfig.deployDescriptor Deployment of deployment descriptor [C:\apache-tomcat-10.1.17\conf\Catalina\localhost\SE1841.xml] has finished in [344] ms
27-Feb-2024 12:56:38.989 INFO [main] org.apache.catalina.startup.HostConfig.deployDescriptor Deploying deployment descriptor [C:\apache-tomcat-10.1.17\conf\Catalina\localhost\SE1841MVC.xml]
27-Feb-2024 12:56:38.990 WARNING [main] org.apache.catalina.startup.HostConfig.deployDescriptor The path attribute with value [/SE1841MVC] in deployment descriptor [C:\apache-tomcat-10.1.17\conf\Catalina\localhost\SE1841MVC.xml] has been ignored
27-Feb-2024 12:56:39.329 INFO [main] org.apache.jasper.servlet.TldScanner.scanJars At least one JAR was scanned for TLDs yet contained no TLDs. Enable debug logging for this logger for a complete list of JARs that were scanned but no TLDs were found in them. Skipping unneeded JARs during scanning can improve startup time and JSP compilation time.
27-Feb-2024 12:56:39.341 INFO [main] org.apache.catalina.startup.HostConfig.deployDescriptor Deployment of deployment descriptor [C:\apache-tomcat-10.1.17\conf\Catalina\localhost\SE1841MVC.xml] has finished in [352] ms
27-Feb-2024 12:56:39.341 INFO [main] org.apache.catalina.startup.HostConfig.deployDescriptor Deploying deployment descriptor [C:\apache-tomcat-10.1.17\conf\Catalina\localhost\se1841_home.xml]
27-Feb-2024 12:56:39.342 WARNING [main] org.apache.catalina.startup.HostConfig.deployDescriptor The path attribute with value [/se1841_home] in deployment descriptor [C:\apache-tomcat-10.1.17\conf\Catalina\localhost\se1841_home.xml] has been ignored
27-Feb-2024 12:56:39.643 INFO [main] org.apache.jasper.servlet.TldScanner.scanJars At least one JAR was scanned for TLDs yet contained no TLDs. Enable debug logging for this logger for a complete list of JARs that were scanned but no TLDs were found in them. Skipping unneeded JARs during scanning can improve startup time and JSP compilation time.
27-Feb-2024 12:56:39.656 INFO [main] org.apache.catalina.startup.HostConfig.deployDescriptor Deployment of deployment descriptor [C:\apache-tomcat-10.1.17\conf\Catalina\localhost\se1841_home.xml] has finished in [315] ms
27-Feb-2024 12:56:39.656 INFO [main] org.apache.catalina.startup.HostConfig.deployDescriptor Deploying deployment descriptor [C:\apache-tomcat-10.1.17\conf\Catalina\localhost\TestDemoWeb.xml]
27-Feb-2024 12:56:39.658 WARNING [main] org.apache.catalina.startup.HostConfig.deployDescriptor The path attribute with value [/TestDemoWeb] in deployment descriptor [C:\apache-tomcat-10.1.17\conf\Catalina\localhost\TestDemoWeb.xml] has been ignored
27-Feb-2024 12:56:39.685 INFO [main] org.apache.catalina.startup.HostConfig.deployDescriptor Deployment of deployment descriptor [C:\apache-tomcat-10.1.17\conf\Catalina\localhost\TestDemoWeb.xml] has finished in [29] ms
27-Feb-2024 12:56:39.686 INFO [main] org.apache.catalina.startup.HostConfig.deployDescriptor Deploying deployment descriptor [C:\apache-tomcat-10.1.17\conf\Catalina\localhost\WebApplication1.xml]
27-Feb-2024 12:56:39.687 WARNING [main] org.apache.catalina.startup.HostConfig.deployDescriptor The path attribute with value [/WebApplication1] in deployment descriptor [C:\apache-tomcat-10.1.17\conf\Catalina\localhost\WebApplication1.xml] has been ignored
27-Feb-2024 12:56:39.943 INFO [main] org.apache.jasper.servlet.TldScanner.scanJars At least one JAR was scanned for TLDs yet contained no TLDs. Enable debug logging for this logger for a complete list of JARs that were scanned but no TLDs were found in them. Skipping unneeded JARs during scanning can improve startup time and JSP compilation time.
27-Feb-2024 12:56:39.953 INFO [main] org.apache.catalina.startup.HostConfig.deployDescriptor Deployment of deployment descriptor [C:\apache-tomcat-10.1.17\conf\Catalina\localhost\WebApplication1.xml] has finished in [267] ms
27-Feb-2024 12:56:39.954 INFO [main] org.apache.catalina.startup.HostConfig.deployDirectory Deploying web application directory [C:\apache-tomcat-10.1.17\webapps\docs]
27-Feb-2024 12:56:39.975 INFO [main] org.apache.catalina.startup.HostConfig.deployDirectory Deployment of web application directory [C:\apache-tomcat-10.1.17\webapps\docs] has finished in [21] ms
27-Feb-2024 12:56:39.976 INFO [main] org.apache.catalina.startup.HostConfig.deployDirectory Deploying web application directory [C:\apache-tomcat-10.1.17\webapps\examples]
27-Feb-2024 12:56:40.179 INFO [main] org.apache.catalina.startup.HostConfig.deployDirectory Deployment of web application directory [C:\apache-tomcat-10.1.17\webapps\examples] has finished in [203] ms
27-Feb-2024 12:56:40.179 INFO [main] org.apache.catalina.startup.HostConfig.deployDirectory Deploying web application directory [C:\apache-tomcat-10.1.17\webapps\host-manager]
27-Feb-2024 12:56:40.203 INFO [main] org.apache.catalina.startup.HostConfig.deployDirectory Deployment of web application directory [C:\apache-tomcat-10.1.17\webapps\host-manager] has finished in [23] ms
27-Feb-2024 12:56:40.203 INFO [main] org.apache.catalina.startup.HostConfig.deployDirectory Deploying web application directory [C:\apache-tomcat-10.1.17\webapps\manager]
27-Feb-2024 12:56:40.222 INFO [main] org.apache.catalina.startup.HostConfig.deployDirectory Deployment of web application directory [C:\apache-tomcat-10.1.17\webapps\manager] has finished in [19] ms
27-Feb-2024 12:56:40.223 INFO [main] org.apache.catalina.startup.HostConfig.deployDirectory Deploying web application directory [C:\apache-tomcat-10.1.17\webapps\ROOT]
27-Feb-2024 12:56:40.237 INFO [main] org.apache.catalina.startup.HostConfig.deployDirectory Deployment of web application directory [C:\apache-tomcat-10.1.17\webapps\ROOT] has finished in [14] ms
27-Feb-2024 12:56:40.241 INFO [main] org.apache.coyote.AbstractProtocol.start Starting ProtocolHandler ["http-nio-8080"]
27-Feb-2024 12:56:40.271 INFO [main] org.apache.catalina.startup.Catalina.start Server startup in [2349] milliseconds
27-Feb-2024 12:56:44.084 INFO [http-nio-8080-exec-1] org.apache.catalina.startup.HostConfig.undeploy Undeploying context [/SE1841]
27-Feb-2024 12:56:44.100 INFO [http-nio-8080-exec-3] org.apache.catalina.startup.HostConfig.deployDescriptor Deploying deployment descriptor [C:\apache-tomcat-10.1.17\conf\Catalina\localhost\SE1841.xml]
27-Feb-2024 12:56:44.100 WARNING [http-nio-8080-exec-3] org.apache.catalina.startup.HostConfig.deployDescriptor The path attribute with value [/SE1841] in deployment descriptor [C:\apache-tomcat-10.1.17\conf\Catalina\localhost\SE1841.xml] has been ignored
27-Feb-2024 12:56:44.380 INFO [http-nio-8080-exec-3] org.apache.jasper.servlet.TldScanner.scanJars At least one JAR was scanned for TLDs yet contained no TLDs. Enable debug logging for this logger for a complete list of JARs that were scanned but no TLDs were found in them. Skipping unneeded JARs during scanning can improve startup time and JSP compilation time.
27-Feb-2024 12:56:44.394 INFO [http-nio-8080-exec-3] org.apache.catalina.startup.HostConfig.deployDescriptor Deployment of deployment descriptor [C:\apache-tomcat-10.1.17\conf\Catalina\localhost\SE1841.xml] has finished in [294] ms
27-Feb-2024 12:56:44.399 INFO [http-nio-8080-exec-4] org.apache.catalina.util.LifecycleBase.start The start() method was called on component [StandardEngine[Catalina].StandardHost[localhost].StandardContext[/SE1841]] after start() had already been called. The second call will be ignored.
27-Feb-2024 13:01:42.694 INFO [http-nio-8080-exec-19] org.apache.jasper.servlet.TldScanner.scanJars At least one JAR was scanned for TLDs yet contained no TLDs. Enable debug logging for this logger for a complete list of JARs that were scanned but no TLDs were found in them. Skipping unneeded JARs during scanning can improve startup time and JSP compilation time.
27-Feb-2024 13:01:50.575 INFO [Catalina-utility-1] org.apache.catalina.startup.HostConfig.reload Reloading context [/SE1841]
27-Feb-2024 13:01:50.575 INFO [Catalina-utility-1] org.apache.catalina.core.StandardContext.reload Reloading Context with name [/SE1841] has started
27-Feb-2024 13:01:50.797 INFO [Catalina-utility-1] org.apache.jasper.servlet.TldScanner.scanJars At least one JAR was scanned for TLDs yet contained no TLDs. Enable debug logging for this logger for a complete list of JARs that were scanned but no TLDs were found in them. Skipping unneeded JARs during scanning can improve startup time and JSP compilation time.
27-Feb-2024 13:01:50.807 INFO [Catalina-utility-1] org.apache.catalina.core.StandardContext.reload Reloading Context with name [/SE1841] is completed
27-Feb-2024 13:15:51.558 INFO [http-nio-8080-exec-26] org.apache.catalina.core.StandardContext.reload Reloading Context with name [/SE1841] has started
27-Feb-2024 13:15:51.559 WARNING [http-nio-8080-exec-26] org.apache.catalina.loader.WebappClassLoaderBase.clearReferencesJdbc The web application [SE1841] registered the JDBC driver [com.microsoft.sqlserver.jdbc.SQLServerDriver] but failed to unregister it when the web application was stopped. To prevent a memory leak, the JDBC Driver has been forcibly unregistered.
27-Feb-2024 13:15:51.561 SEVERE [http-nio-8080-exec-26] org.apache.catalina.loader.WebappClassLoaderBase.checkThreadLocalMapForLeaks The web application [SE1841] created a ThreadLocal with key of type [com.microsoft.sqlserver.jdbc.ActivityCorrelator$1] (value [com.microsoft.sqlserver.jdbc.ActivityCorrelator$1@40ebad24]) and a value of type [com.microsoft.sqlserver.jdbc.ActivityId] (value [448ccdfa-211b-4274-9925-16abd5325f22-3]) but failed to remove it when the web application was stopped. Threads are going to be renewed over time to try and avoid a probable memory leak.
27-Feb-2024 13:15:51.561 SEVERE [http-nio-8080-exec-26] org.apache.catalina.loader.WebappClassLoaderBase.checkThreadLocalMapForLeaks The web application [SE1841] created a ThreadLocal with key of type [com.microsoft.sqlserver.jdbc.ActivityCorrelator$1] (value [com.microsoft.sqlserver.jdbc.ActivityCorrelator$1@40ebad24]) and a value of type [com.microsoft.sqlserver.jdbc.ActivityId] (value [3f2704ba-2ebe-4615-805b-f9f4d2ed56d0-1]) but failed to remove it when the web application was stopped. Threads are going to be renewed over time to try and avoid a probable memory leak.
27-Feb-2024 13:15:51.561 SEVERE [http-nio-8080-exec-26] org.apache.catalina.loader.WebappClassLoaderBase.checkThreadLocalMapForLeaks The web application [SE1841] created a ThreadLocal with key of type [com.microsoft.sqlserver.jdbc.ActivityCorrelator$1] (value [com.microsoft.sqlserver.jdbc.ActivityCorrelator$1@40ebad24]) and a value of type [com.microsoft.sqlserver.jdbc.ActivityId] (value [fab2fa36-d8a1-43c6-bcf6-e6eef9ad6374-1]) but failed to remove it when the web application was stopped. Threads are going to be renewed over time to try and avoid a probable memory leak.
27-Feb-2024 13:15:51.561 SEVERE [http-nio-8080-exec-26] org.apache.catalina.loader.WebappClassLoaderBase.checkThreadLocalMapForLeaks The web application [SE1841] created a ThreadLocal with key of type [com.microsoft.sqlserver.jdbc.ActivityCorrelator$1] (value [com.microsoft.sqlserver.jdbc.ActivityCorrelator$1@40ebad24]) and a value of type [com.microsoft.sqlserver.jdbc.ActivityId] (value [97cb0cf7-27f8-4dff-955d-9a243f0577d6-1]) but failed to remove it when the web application was stopped. Threads are going to be renewed over time to try and avoid a probable memory leak.
27-Feb-2024 13:15:51.561 SEVERE [http-nio-8080-exec-26] org.apache.catalina.loader.WebappClassLoaderBase.checkThreadLocalMapForLeaks The web application [SE1841] created a ThreadLocal with key of type [com.microsoft.sqlserver.jdbc.ActivityCorrelator$1] (value [com.microsoft.sqlserver.jdbc.ActivityCorrelator$1@40ebad24]) and a value of type [com.microsoft.sqlserver.jdbc.ActivityId] (value [a2552f03-6e73-4e44-80ee-c137c2291fde-1]) but failed to remove it when the web application was stopped. Threads are going to be renewed over time to try and avoid a probable memory leak.
27-Feb-2024 13:15:51.561 SEVERE [http-nio-8080-exec-26] org.apache.catalina.loader.WebappClassLoaderBase.checkThreadLocalMapForLeaks The web application [SE1841] created a ThreadLocal with key of type [com.microsoft.sqlserver.jdbc.ActivityCorrelator$1] (value [com.microsoft.sqlserver.jdbc.ActivityCorrelator$1@40ebad24]) and a value of type [com.microsoft.sqlserver.jdbc.ActivityId] (value [3ca2c223-7b1b-4ff2-b04f-55347df37f0b-1]) but failed to remove it when the web application was stopped. Threads are going to be renewed over time to try and avoid a probable memory leak.
27-Feb-2024 13:15:51.561 SEVERE [http-nio-8080-exec-26] org.apache.catalina.loader.WebappClassLoaderBase.checkThreadLocalMapForLeaks The web application [SE1841] created a ThreadLocal with key of type [com.microsoft.sqlserver.jdbc.ActivityCorrelator$1] (value [com.microsoft.sqlserver.jdbc.ActivityCorrelator$1@40ebad24]) and a value of type [com.microsoft.sqlserver.jdbc.ActivityId] (value [1d9ee6e9-1a7c-4bf6-a1e3-856bd4c525bc-1]) but failed to remove it when the web application was stopped. Threads are going to be renewed over time to try and avoid a probable memory leak.
27-Feb-2024 13:15:51.741 SEVERE [http-nio-8080-exec-26] org.apache.catalina.loader.WebappClassLoaderBase.checkThreadLocalMapForLeaks The web application [SE1841] created a ThreadLocal with key of type [com.microsoft.sqlserver.jdbc.ActivityCorrelator$1] (value [com.microsoft.sqlserver.jdbc.ActivityCorrelator$1@40ebad24]) and a value of type [com.microsoft.sqlserver.jdbc.ActivityId] (value [ea5a1f8b-907e-41f0-a4ca-12a2b21eba6d-1]) but failed to remove it when the web application was stopped. Threads are going to be renewed over time to try and avoid a probable memory leak.
27-Feb-2024 13:15:51.963 INFO [http-nio-8080-exec-26] org.apache.jasper.servlet.TldScanner.scanJars At least one JAR was scanned for TLDs yet contained no TLDs. Enable debug logging for this logger for a complete list of JARs that were scanned but no TLDs were found in them. Skipping unneeded JARs during scanning can improve startup time and JSP compilation time.
27-Feb-2024 13:15:51.972 INFO [http-nio-8080-exec-26] org.apache.catalina.core.StandardContext.reload Reloading Context with name [/SE1841] is completed
27-Feb-2024 13:15:59.581 INFO [http-nio-8080-exec-25] org.apache.jasper.servlet.TldScanner.scanJars At least one JAR was scanned for TLDs yet contained no TLDs. Enable debug logging for this logger for a complete list of JARs that were scanned but no TLDs were found in them. Skipping unneeded JARs during scanning can improve startup time and JSP compilation time.
27-Feb-2024 13:16:58.435 WARNING [http-nio-8080-exec-27] org.apache.catalina.loader.WebappClassLoaderBase.clearReferencesJdbc The web application [SE1841] registered the JDBC driver [com.microsoft.sqlserver.jdbc.SQLServerDriver] but failed to unregister it when the web application was stopped. To prevent a memory leak, the JDBC Driver has been forcibly unregistered.
27-Feb-2024 13:16:58.670 INFO [http-nio-8080-exec-31] org.apache.jasper.servlet.TldScanner.scanJars At least one JAR was scanned for TLDs yet contained no TLDs. Enable debug logging for this logger for a complete list of JARs that were scanned but no TLDs were found in them. Skipping unneeded JARs during scanning can improve startup time and JSP compilation time.
27-Feb-2024 13:16:58.993 INFO [http-nio-8080-exec-38] org.apache.catalina.core.StandardContext.reload Reloading Context with name [/SE1841] has started
27-Feb-2024 13:16:59.257 INFO [http-nio-8080-exec-38] org.apache.jasper.servlet.TldScanner.scanJars At least one JAR was scanned for TLDs yet contained no TLDs. Enable debug logging for this logger for a complete list of JARs that were scanned but no TLDs were found in them. Skipping unneeded JARs during scanning can improve startup time and JSP compilation time.
27-Feb-2024 13:16:59.265 INFO [http-nio-8080-exec-38] org.apache.catalina.core.StandardContext.reload Reloading Context with name [/SE1841] is completed
27-Feb-2024 13:17:02.068 INFO [Catalina-utility-2] org.apache.catalina.startup.HostConfig.reload Reloading context [/SE1841]
27-Feb-2024 13:17:02.068 INFO [Catalina-utility-2] org.apache.catalina.core.StandardContext.reload Reloading Context with name [/SE1841] has started
27-Feb-2024 13:17:02.278 INFO [Catalina-utility-2] org.apache.jasper.servlet.TldScanner.scanJars At least one JAR was scanned for TLDs yet contained no TLDs. Enable debug logging for this logger for a complete list of JARs that were scanned but no TLDs were found in them. Skipping unneeded JARs during scanning can improve startup time and JSP compilation time.
27-Feb-2024 13:17:02.285 INFO [Catalina-utility-2] org.apache.catalina.core.StandardContext.reload Reloading Context with name [/SE1841] is completed
27-Feb-2024 13:17:37.217 INFO [http-nio-8080-exec-31] org.apache.catalina.core.StandardContext.reload Reloading Context with name [/SE1841] has started
27-Feb-2024 13:17:37.477 INFO [http-nio-8080-exec-31] org.apache.jasper.servlet.TldScanner.scanJars At least one JAR was scanned for TLDs yet contained no TLDs. Enable debug logging for this logger for a complete list of JARs that were scanned but no TLDs were found in them. Skipping unneeded JARs during scanning can improve startup time and JSP compilation time.
27-Feb-2024 13:17:37.484 INFO [http-nio-8080-exec-31] org.apache.catalina.core.StandardContext.reload Reloading Context with name [/SE1841] is completed
27-Feb-2024 13:17:58.995 INFO [http-nio-8080-exec-25] org.apache.catalina.core.StandardContext.reload Reloading Context with name [/SE1841] has started
27-Feb-2024 13:17:59.221 INFO [http-nio-8080-exec-25] org.apache.jasper.servlet.TldScanner.scanJars At least one JAR was scanned for TLDs yet contained no TLDs. Enable debug logging for this logger for a complete list of JARs that were scanned but no TLDs were found in them. Skipping unneeded JARs during scanning can improve startup time and JSP compilation time.
27-Feb-2024 13:17:59.229 INFO [http-nio-8080-exec-25] org.apache.catalina.core.StandardContext.reload Reloading Context with name [/SE1841] is completed
27-Feb-2024 13:19:24.493 INFO [http-nio-8080-exec-50] org.apache.catalina.core.StandardContext.reload Reloading Context with name [/SE1841] has started
27-Feb-2024 13:19:24.494 WARNING [http-nio-8080-exec-50] org.apache.catalina.loader.WebappClassLoaderBase.clearReferencesJdbc The web application [SE1841] registered the JDBC driver [com.microsoft.sqlserver.jdbc.SQLServerDriver] but failed to unregister it when the web application was stopped. To prevent a memory leak, the JDBC Driver has been forcibly unregistered.
27-Feb-2024 13:19:24.495 SEVERE [http-nio-8080-exec-50] org.apache.catalina.loader.WebappClassLoaderBase.checkThreadLocalMapForLeaks The web application [SE1841] created a ThreadLocal with key of type [com.microsoft.sqlserver.jdbc.ActivityCorrelator$1] (value [com.microsoft.sqlserver.jdbc.ActivityCorrelator$1@41170b67]) and a value of type [com.microsoft.sqlserver.jdbc.ActivityId] (value [f76a7914-ed97-494d-ab9a-e89fd060d4f5-1]) but failed to remove it when the web application was stopped. Threads are going to be renewed over time to try and avoid a probable memory leak.
27-Feb-2024 13:19:24.705 INFO [http-nio-8080-exec-50] org.apache.jasper.servlet.TldScanner.scanJars At least one JAR was scanned for TLDs yet contained no TLDs. Enable debug logging for this logger for a complete list of JARs that were scanned but no TLDs were found in them. Skipping unneeded JARs during scanning can improve startup time and JSP compilation time.
27-Feb-2024 13:19:24.713 INFO [http-nio-8080-exec-50] org.apache.catalina.core.StandardContext.reload Reloading Context with name [/SE1841] is completed
27-Feb-2024 14:22:29.447 INFO [http-nio-8080-exec-59] org.apache.catalina.core.StandardContext.reload Reloading Context with name [/SE1841] has started
27-Feb-2024 14:22:29.449 WARNING [http-nio-8080-exec-59] org.apache.catalina.loader.WebappClassLoaderBase.clearReferencesJdbc The web application [SE1841] registered the JDBC driver [com.microsoft.sqlserver.jdbc.SQLServerDriver] but failed to unregister it when the web application was stopped. To prevent a memory leak, the JDBC Driver has been forcibly unregistered.
27-Feb-2024 14:22:29.677 INFO [http-nio-8080-exec-59] org.apache.jasper.servlet.TldScanner.scanJars At least one JAR was scanned for TLDs yet contained no TLDs. Enable debug logging for this logger for a complete list of JARs that were scanned but no TLDs were found in them. Skipping unneeded JARs during scanning can improve startup time and JSP compilation time.
27-Feb-2024 14:22:29.685 INFO [http-nio-8080-exec-59] org.apache.catalina.core.StandardContext.reload Reloading Context with name [/SE1841] is completed
27-Feb-2024 14:22:36.029 INFO [http-nio-8080-exec-63] org.apache.catalina.startup.HostConfig.undeploy Undeploying context [/SE1841]
27-Feb-2024 14:22:36.039 INFO [http-nio-8080-exec-54] org.apache.catalina.startup.HostConfig.deployDescriptor Deploying deployment descriptor [C:\apache-tomcat-10.1.17\conf\Catalina\localhost\SE1841.xml]
27-Feb-2024 14:22:36.040 WARNING [http-nio-8080-exec-54] org.apache.catalina.startup.HostConfig.deployDescriptor The path attribute with value [/SE1841] in deployment descriptor [C:\apache-tomcat-10.1.17\conf\Catalina\localhost\SE1841.xml] has been ignored
27-Feb-2024 14:22:36.249 INFO [http-nio-8080-exec-54] org.apache.jasper.servlet.TldScanner.scanJars At least one JAR was scanned for TLDs yet contained no TLDs. Enable debug logging for this logger for a complete list of JARs that were scanned but no TLDs were found in them. Skipping unneeded JARs during scanning can improve startup time and JSP compilation time.
27-Feb-2024 14:22:36.257 INFO [http-nio-8080-exec-54] org.apache.catalina.startup.HostConfig.deployDescriptor Deployment of deployment descriptor [C:\apache-tomcat-10.1.17\conf\Catalina\localhost\SE1841.xml] has finished in [218] ms
27-Feb-2024 14:22:36.259 INFO [http-nio-8080-exec-61] org.apache.catalina.util.LifecycleBase.start The start() method was called on component [StandardEngine[Catalina].StandardHost[localhost].StandardContext[/SE1841]] after start() had already been called. The second call will be ignored.
27-Feb-2024 14:39:03.773 INFO [http-nio-8080-exec-74] org.apache.catalina.core.StandardContext.reload Reloading Context with name [/SE1841] has started
27-Feb-2024 14:39:03.776 WARNING [http-nio-8080-exec-74] org.apache.catalina.loader.WebappClassLoaderBase.clearReferencesJdbc The web application [SE1841] registered the JDBC driver [com.microsoft.sqlserver.jdbc.SQLServerDriver] but failed to unregister it when the web application was stopped. To prevent a memory leak, the JDBC Driver has been forcibly unregistered.
27-Feb-2024 14:39:03.776 SEVERE [http-nio-8080-exec-74] org.apache.catalina.loader.WebappClassLoaderBase.checkThreadLocalMapForLeaks The web application [SE1841] created a ThreadLocal with key of type [com.microsoft.sqlserver.jdbc.ActivityCorrelator$1] (value [com.microsoft.sqlserver.jdbc.ActivityCorrelator$1@46d8659d]) and a value of type [com.microsoft.sqlserver.jdbc.ActivityId] (value [97a169c6-2682-46ef-8244-d9cae10229ec-1]) but failed to remove it when the web application was stopped. Threads are going to be renewed over time to try and avoid a probable memory leak.
27-Feb-2024 14:39:03.776 SEVERE [http-nio-8080-exec-74] org.apache.catalina.loader.WebappClassLoaderBase.checkThreadLocalMapForLeaks The web application [SE1841] created a ThreadLocal with key of type [com.microsoft.sqlserver.jdbc.ActivityCorrelator$1] (value [com.microsoft.sqlserver.jdbc.ActivityCorrelator$1@46d8659d]) and a value of type [com.microsoft.sqlserver.jdbc.ActivityId] (value [6c887d81-f454-4c24-8eee-c1889a8d250c-2]) but failed to remove it when the web application was stopped. Threads are going to be renewed over time to try and avoid a probable memory leak.
27-Feb-2024 14:39:03.776 SEVERE [http-nio-8080-exec-74] org.apache.catalina.loader.WebappClassLoaderBase.checkThreadLocalMapForLeaks The web application [SE1841] created a ThreadLocal with key of type [com.microsoft.sqlserver.jdbc.ActivityCorrelator$1] (value [com.microsoft.sqlserver.jdbc.ActivityCorrelator$1@46d8659d]) and a value of type [com.microsoft.sqlserver.jdbc.ActivityId] (value [267d9d0d-3934-4946-9eb4-cc7f0e7b6f16-1]) but failed to remove it when the web application was stopped. Threads are going to be renewed over time to try and avoid a probable memory leak.
27-Feb-2024 14:39:03.777 SEVERE [http-nio-8080-exec-74] org.apache.catalina.loader.WebappClassLoaderBase.checkThreadLocalMapForLeaks The web application [SE1841] created a ThreadLocal with key of type [com.microsoft.sqlserver.jdbc.ActivityCorrelator$1] (value [com.microsoft.sqlserver.jdbc.ActivityCorrelator$1@46d8659d]) and a value of type [com.microsoft.sqlserver.jdbc.ActivityId] (value [9d42b5b8-8317-4c13-b574-d49c66ddeab3-3]) but failed to remove it when the web application was stopped. Threads are going to be renewed over time to try and avoid a probable memory leak.
27-Feb-2024 14:39:03.777 SEVERE [http-nio-8080-exec-74] org.apache.catalina.loader.WebappClassLoaderBase.checkThreadLocalMapForLeaks The web application [SE1841] created a ThreadLocal with key of type [com.microsoft.sqlserver.jdbc.ActivityCorrelator$1] (value [com.microsoft.sqlserver.jdbc.ActivityCorrelator$1@46d8659d]) and a value of type [com.microsoft.sqlserver.jdbc.ActivityId] (value [e4464490-948e-44c8-b19f-1fbe7c6a4dc4-2]) but failed to remove it when the web application was stopped. Threads are going to be renewed over time to try and avoid a probable memory leak.
27-Feb-2024 14:39:03.777 SEVERE [http-nio-8080-exec-74] org.apache.catalina.loader.WebappClassLoaderBase.checkThreadLocalMapForLeaks The web application [SE1841] created a ThreadLocal with key of type [com.microsoft.sqlserver.jdbc.ActivityCorrelator$1] (value [com.microsoft.sqlserver.jdbc.ActivityCorrelator$1@46d8659d]) and a value of type [com.microsoft.sqlserver.jdbc.ActivityId] (value [5a9a786e-b0cb-4e39-8822-b3875f2d3887-1]) but failed to remove it when the web application was stopped. Threads are going to be renewed over time to try and avoid a probable memory leak.
27-Feb-2024 14:39:03.777 SEVERE [http-nio-8080-exec-74] org.apache.catalina.loader.WebappClassLoaderBase.checkThreadLocalMapForLeaks The web application [SE1841] created a ThreadLocal with key of type [com.microsoft.sqlserver.jdbc.ActivityCorrelator$1] (value [com.microsoft.sqlserver.jdbc.ActivityCorrelator$1@46d8659d]) and a value of type [com.microsoft.sqlserver.jdbc.ActivityId] (value [29401f68-d69b-44b2-9083-0457f539a5f2-1]) but failed to remove it when the web application was stopped. Threads are going to be renewed over time to try and avoid a probable memory leak.
27-Feb-2024 14:39:04.080 INFO [http-nio-8080-exec-74] org.apache.jasper.servlet.TldScanner.scanJars At least one JAR was scanned for TLDs yet contained no TLDs. Enable debug logging for this logger for a complete list of JARs that were scanned but no TLDs were found in them. Skipping unneeded JARs during scanning can improve startup time and JSP compilation time.
27-Feb-2024 14:39:04.090 INFO [http-nio-8080-exec-74] org.apache.catalina.core.StandardContext.reload Reloading Context with name [/SE1841] is completed
27-Feb-2024 14:39:29.751 INFO [http-nio-8080-exec-80] org.apache.catalina.core.StandardContext.reload Reloading Context with name [/SE1841] has started
27-Feb-2024 14:39:29.753 WARNING [http-nio-8080-exec-80] org.apache.catalina.loader.WebappClassLoaderBase.clearReferencesJdbc The web application [SE1841] registered the JDBC driver [com.microsoft.sqlserver.jdbc.SQLServerDriver] but failed to unregister it when the web application was stopped. To prevent a memory leak, the JDBC Driver has been forcibly unregistered.
27-Feb-2024 14:39:30.011 INFO [http-nio-8080-exec-80] org.apache.jasper.servlet.TldScanner.scanJars At least one JAR was scanned for TLDs yet contained no TLDs. Enable debug logging for this logger for a complete list of JARs that were scanned but no TLDs were found in them. Skipping unneeded JARs during scanning can improve startup time and JSP compilation time.
27-Feb-2024 14:39:30.020 INFO [http-nio-8080-exec-80] org.apache.catalina.core.StandardContext.reload Reloading Context with name [/SE1841] is completed
27-Feb-2024 14:47:22.932 INFO [http-nio-8080-exec-91] org.apache.catalina.core.StandardContext.reload Reloading Context with name [/SE1841] has started
27-Feb-2024 14:47:22.934 WARNING [http-nio-8080-exec-91] org.apache.catalina.loader.WebappClassLoaderBase.clearReferencesJdbc The web application [SE1841] registered the JDBC driver [com.microsoft.sqlserver.jdbc.SQLServerDriver] but failed to unregister it when the web application was stopped. To prevent a memory leak, the JDBC Driver has been forcibly unregistered.
27-Feb-2024 14:47:22.934 SEVERE [http-nio-8080-exec-91] org.apache.catalina.loader.WebappClassLoaderBase.checkThreadLocalMapForLeaks The web application [SE1841] created a ThreadLocal with key of type [com.microsoft.sqlserver.jdbc.ActivityCorrelator$1] (value [com.microsoft.sqlserver.jdbc.ActivityCorrelator$1@30730023]) and a value of type [com.microsoft.sqlserver.jdbc.ActivityId] (value [440d8de6-0098-4414-b6f2-0a721f86901f-1]) but failed to remove it when the web application was stopped. Threads are going to be renewed over time to try and avoid a probable memory leak.
27-Feb-2024 14:47:22.934 SEVERE [http-nio-8080-exec-91] org.apache.catalina.loader.WebappClassLoaderBase.checkThreadLocalMapForLeaks The web application [SE1841] created a ThreadLocal with key of type [com.microsoft.sqlserver.jdbc.ActivityCorrelator$1] (value [com.microsoft.sqlserver.jdbc.ActivityCorrelator$1@30730023]) and a value of type [com.microsoft.sqlserver.jdbc.ActivityId] (value [c92b69b2-0955-4afa-b948-05a0b60ecee6-1]) but failed to remove it when the web application was stopped. Threads are going to be renewed over time to try and avoid a probable memory leak.
27-Feb-2024 14:47:23.232 INFO [http-nio-8080-exec-91] org.apache.jasper.servlet.TldScanner.scanJars At least one JAR was scanned for TLDs yet contained no TLDs. Enable debug logging for this logger for a complete list of JARs that were scanned but no TLDs were found in them. Skipping unneeded JARs during scanning can improve startup time and JSP compilation time.
27-Feb-2024 14:47:23.244 INFO [http-nio-8080-exec-91] org.apache.catalina.core.StandardContext.reload Reloading Context with name [/SE1841] is completed
27-Feb-2024 14:51:50.584 INFO [http-nio-8080-exec-94] org.apache.catalina.core.StandardContext.reload Reloading Context with name [/SE1841] has started
27-Feb-2024 14:51:50.587 WARNING [http-nio-8080-exec-94] org.apache.catalina.loader.WebappClassLoaderBase.clearReferencesJdbc The web application [SE1841] registered the JDBC driver [com.microsoft.sqlserver.jdbc.SQLServerDriver] but failed to unregister it when the web application was stopped. To prevent a memory leak, the JDBC Driver has been forcibly unregistered.
27-Feb-2024 14:51:50.857 INFO [http-nio-8080-exec-94] org.apache.jasper.servlet.TldScanner.scanJars At least one JAR was scanned for TLDs yet contained no TLDs. Enable debug logging for this logger for a complete list of JARs that were scanned but no TLDs were found in them. Skipping unneeded JARs during scanning can improve startup time and JSP compilation time.
27-Feb-2024 14:51:50.865 INFO [http-nio-8080-exec-94] org.apache.catalina.core.StandardContext.reload Reloading Context with name [/SE1841] is completed
27-Feb-2024 14:54:17.300 INFO [http-nio-8080-exec-102] org.apache.catalina.core.StandardContext.reload Reloading Context with name [/SE1841] has started
27-Feb-2024 14:54:17.300 WARNING [http-nio-8080-exec-102] org.apache.catalina.loader.WebappClassLoaderBase.clearReferencesJdbc The web application [SE1841] registered the JDBC driver [com.microsoft.sqlserver.jdbc.SQLServerDriver] but failed to unregister it when the web application was stopped. To prevent a memory leak, the JDBC Driver has been forcibly unregistered.
27-Feb-2024 14:54:17.300 SEVERE [http-nio-8080-exec-102] org.apache.catalina.loader.WebappClassLoaderBase.checkThreadLocalMapForLeaks The web application [SE1841] created a ThreadLocal with key of type [com.microsoft.sqlserver.jdbc.ActivityCorrelator$1] (value [com.microsoft.sqlserver.jdbc.ActivityCorrelator$1@1c8e2b03]) and a value of type [com.microsoft.sqlserver.jdbc.ActivityId] (value [a187dabd-1749-4e96-bdab-aa4c4646e30c-1]) but failed to remove it when the web application was stopped. Threads are going to be renewed over time to try and avoid a probable memory leak.
27-Feb-2024 14:54:17.564 INFO [http-nio-8080-exec-102] org.apache.jasper.servlet.TldScanner.scanJars At least one JAR was scanned for TLDs yet contained no TLDs. Enable debug logging for this logger for a complete list of JARs that were scanned but no TLDs were found in them. Skipping unneeded JARs during scanning can improve startup time and JSP compilation time.
27-Feb-2024 14:54:17.573 INFO [http-nio-8080-exec-102] org.apache.catalina.core.StandardContext.reload Reloading Context with name [/SE1841] is completed
27-Feb-2024 14:55:10.649 WARNING [http-nio-8080-exec-114] org.apache.catalina.loader.WebappClassLoaderBase.clearReferencesJdbc The web application [SE1841] registered the JDBC driver [com.microsoft.sqlserver.jdbc.SQLServerDriver] but failed to unregister it when the web application was stopped. To prevent a memory leak, the JDBC Driver has been forcibly unregistered.
27-Feb-2024 14:55:11.163 INFO [http-nio-8080-exec-114] org.apache.catalina.startup.HostConfig.undeploy Undeploying context [/SE1841]
27-Feb-2024 14:55:11.173 INFO [http-nio-8080-exec-103] org.apache.catalina.startup.HostConfig.deployDescriptor Deploying deployment descriptor [C:\apache-tomcat-10.1.17\conf\Catalina\localhost\SE1841.xml]
27-Feb-2024 14:55:11.174 WARNING [http-nio-8080-exec-103] org.apache.catalina.startup.HostConfig.deployDescriptor The path attribute with value [/SE1841] in deployment descriptor [C:\apache-tomcat-10.1.17\conf\Catalina\localhost\SE1841.xml] has been ignored
27-Feb-2024 14:55:11.463 INFO [http-nio-8080-exec-103] org.apache.jasper.servlet.TldScanner.scanJars At least one JAR was scanned for TLDs yet contained no TLDs. Enable debug logging for this logger for a complete list of JARs that were scanned but no TLDs were found in them. Skipping unneeded JARs during scanning can improve startup time and JSP compilation time.
27-Feb-2024 14:55:11.473 INFO [http-nio-8080-exec-103] org.apache.catalina.startup.HostConfig.deployDescriptor Deployment of deployment descriptor [C:\apache-tomcat-10.1.17\conf\Catalina\localhost\SE1841.xml] has finished in [300] ms
27-Feb-2024 14:55:11.477 INFO [http-nio-8080-exec-104] org.apache.catalina.util.LifecycleBase.start The start() method was called on component [StandardEngine[Catalina].StandardHost[localhost].StandardContext[/SE1841]] after start() had already been called. The second call will be ignored.
27-Feb-2024 15:02:54.308 INFO [http-nio-8080-exec-121] org.apache.catalina.core.StandardContext.reload Reloading Context with name [/SE1841] has started
27-Feb-2024 15:02:54.310 WARNING [http-nio-8080-exec-121] org.apache.catalina.loader.WebappClassLoaderBase.clearReferencesJdbc The web application [SE1841] registered the JDBC driver [com.microsoft.sqlserver.jdbc.SQLServerDriver] but failed to unregister it when the web application was stopped. To prevent a memory leak, the JDBC Driver has been forcibly unregistered.
27-Feb-2024 15:02:54.571 INFO [http-nio-8080-exec-121] org.apache.jasper.servlet.TldScanner.scanJars At least one JAR was scanned for TLDs yet contained no TLDs. Enable debug logging for this logger for a complete list of JARs that were scanned but no TLDs were found in them. Skipping unneeded JARs during scanning can improve startup time and JSP compilation time.
27-Feb-2024 15:02:54.581 INFO [http-nio-8080-exec-121] org.apache.catalina.core.StandardContext.reload Reloading Context with name [/SE1841] is completed
27-Feb-2024 15:03:17.607 INFO [http-nio-8080-exec-124] org.apache.catalina.core.StandardContext.reload Reloading Context with name [/SE1841] has started
27-Feb-2024 15:03:17.877 INFO [http-nio-8080-exec-124] org.apache.jasper.servlet.TldScanner.scanJars At least one JAR was scanned for TLDs yet contained no TLDs. Enable debug logging for this logger for a complete list of JARs that were scanned but no TLDs were found in them. Skipping unneeded JARs during scanning can improve startup time and JSP compilation time.
27-Feb-2024 15:03:17.885 INFO [http-nio-8080-exec-124] org.apache.catalina.core.StandardContext.reload Reloading Context with name [/SE1841] is completed
27-Feb-2024 15:26:28.090 WARNING [http-nio-8080-exec-139] org.apache.catalina.loader.WebappClassLoaderBase.clearReferencesJdbc The web application [SE1841] registered the JDBC driver [com.microsoft.sqlserver.jdbc.SQLServerDriver] but failed to unregister it when the web application was stopped. To prevent a memory leak, the JDBC Driver has been forcibly unregistered.
27-Feb-2024 15:26:28.091 SEVERE [http-nio-8080-exec-139] org.apache.catalina.loader.WebappClassLoaderBase.checkThreadLocalMapForLeaks The web application [SE1841] created a ThreadLocal with key of type [com.microsoft.sqlserver.jdbc.ActivityCorrelator$1] (value [com.microsoft.sqlserver.jdbc.ActivityCorrelator$1@1faed696]) and a value of type [com.microsoft.sqlserver.jdbc.ActivityId] (value [e8284732-280c-41b6-a240-3251d91fc505-2]) but failed to remove it when the web application was stopped. Threads are going to be renewed over time to try and avoid a probable memory leak.
27-Feb-2024 15:26:28.091 SEVERE [http-nio-8080-exec-139] org.apache.catalina.loader.WebappClassLoaderBase.checkThreadLocalMapForLeaks The web application [SE1841] created a ThreadLocal with key of type [com.microsoft.sqlserver.jdbc.ActivityCorrelator$1] (value [com.microsoft.sqlserver.jdbc.ActivityCorrelator$1@1faed696]) and a value of type [com.microsoft.sqlserver.jdbc.ActivityId] (value [869a6cfc-06bb-4ce0-88e3-aad68d52002c-2]) but failed to remove it when the web application was stopped. Threads are going to be renewed over time to try and avoid a probable memory leak.
27-Feb-2024 15:26:28.091 SEVERE [http-nio-8080-exec-139] org.apache.catalina.loader.WebappClassLoaderBase.checkThreadLocalMapForLeaks The web application [SE1841] created a ThreadLocal with key of type [com.microsoft.sqlserver.jdbc.ActivityCorrelator$1] (value [com.microsoft.sqlserver.jdbc.ActivityCorrelator$1@1faed696]) and a value of type [com.microsoft.sqlserver.jdbc.ActivityId] (value [764239be-8d01-440a-895d-31573981a96a-3]) but failed to remove it when the web application was stopped. Threads are going to be renewed over time to try and avoid a probable memory leak.
27-Feb-2024 15:26:28.091 SEVERE [http-nio-8080-exec-139] org.apache.catalina.loader.WebappClassLoaderBase.checkThreadLocalMapForLeaks The web application [SE1841] created a ThreadLocal with key of type [com.microsoft.sqlserver.jdbc.ActivityCorrelator$1] (value [com.microsoft.sqlserver.jdbc.ActivityCorrelator$1@1faed696]) and a value of type [com.microsoft.sqlserver.jdbc.ActivityId] (value [e0916a05-1e2c-4636-9f31-abaa985e7ed9-1]) but failed to remove it when the web application was stopped. Threads are going to be renewed over time to try and avoid a probable memory leak.
27-Feb-2024 15:26:28.091 SEVERE [http-nio-8080-exec-139] org.apache.catalina.loader.WebappClassLoaderBase.checkThreadLocalMapForLeaks The web application [SE1841] created a ThreadLocal with key of type [com.microsoft.sqlserver.jdbc.ActivityCorrelator$1] (value [com.microsoft.sqlserver.jdbc.ActivityCorrelator$1@1faed696]) and a value of type [com.microsoft.sqlserver.jdbc.ActivityId] (value [004be47d-7c4b-436c-aa6b-5cee693a8f20-3]) but failed to remove it when the web application was stopped. Threads are going to be renewed over time to try and avoid a probable memory leak.
27-Feb-2024 15:26:28.091 SEVERE [http-nio-8080-exec-139] org.apache.catalina.loader.WebappClassLoaderBase.checkThreadLocalMapForLeaks The web application [SE1841] created a ThreadLocal with key of type [com.microsoft.sqlserver.jdbc.ActivityCorrelator$1] (value [com.microsoft.sqlserver.jdbc.ActivityCorrelator$1@1faed696]) and a value of type [com.microsoft.sqlserver.jdbc.ActivityId] (value [154b4522-13e6-49ce-8949-20343dc80cce-1]) but failed to remove it when the web application was stopped. Threads are going to be renewed over time to try and avoid a probable memory leak.
27-Feb-2024 15:26:28.091 SEVERE [http-nio-8080-exec-139] org.apache.catalina.loader.WebappClassLoaderBase.checkThreadLocalMapForLeaks The web application [SE1841] created a ThreadLocal with key of type [com.microsoft.sqlserver.jdbc.ActivityCorrelator$1] (value [com.microsoft.sqlserver.jdbc.ActivityCorrelator$1@1faed696]) and a value of type [com.microsoft.sqlserver.jdbc.ActivityId] (value [a96cdf40-da05-4222-b576-87bc0eed5972-1]) but failed to remove it when the web application was stopped. Threads are going to be renewed over time to try and avoid a probable memory leak.
27-Feb-2024 15:26:30.580 INFO [Catalina-utility-2] org.apache.catalina.startup.HostConfig.reload Reloading context [/SE1841]
27-Feb-2024 15:26:30.815 SEVERE [Catalina-utility-2] org.apache.catalina.startup.HostConfig.reload Error during context [/SE1841] restart
	org.apache.catalina.LifecycleException: Failed to start component [StandardEngine[Catalina].StandardHost[localhost].StandardContext[/SE1841]]
		at org.apache.catalina.util.LifecycleBase.handleSubClassException(LifecycleBase.java:419)
		at org.apache.catalina.util.LifecycleBase.start(LifecycleBase.java:186)
		at org.apache.catalina.startup.HostConfig.reload(HostConfig.java:1495)
		at org.apache.catalina.startup.HostConfig.checkResources(HostConfig.java:1458)
		at org.apache.catalina.startup.HostConfig.check(HostConfig.java:1697)
		at org.apache.catalina.startup.HostConfig.lifecycleEvent(HostConfig.java:305)
		at org.apache.catalina.util.LifecycleBase.fireLifecycleEvent(LifecycleBase.java:114)
		at org.apache.catalina.core.ContainerBase.backgroundProcess(ContainerBase.java:1098)
		at org.apache.catalina.core.ContainerBase$ContainerBackgroundProcessor.processChildren(ContainerBase.java:1301)
		at org.apache.catalina.core.ContainerBase$ContainerBackgroundProcessor.processChildren(ContainerBase.java:1305)
		at org.apache.catalina.core.ContainerBase$ContainerBackgroundProcessor.run(ContainerBase.java:1283)
		at java.base/java.util.concurrent.Executors$RunnableAdapter.call(Executors.java:539)
		at java.base/java.util.concurrent.FutureTask.runAndReset(FutureTask.java:305)
		at java.base/java.util.concurrent.ScheduledThreadPoolExecutor$ScheduledFutureTask.run(ScheduledThreadPoolExecutor.java:305)
		at java.base/java.util.concurrent.ThreadPoolExecutor.runWorker(ThreadPoolExecutor.java:1136)
		at java.base/java.util.concurrent.ThreadPoolExecutor$Worker.run(ThreadPoolExecutor.java:635)
		at org.apache.tomcat.util.threads.TaskThread$WrappingRunnable.run(TaskThread.java:61)
		at java.base/java.lang.Thread.run(Thread.java:842)
	Caused by: java.lang.IllegalArgumentException: Servlet mapping specifies an unknown servlet name [MyAlias]
		at org.apache.catalina.core.StandardContext.addServletMappingDecoded(StandardContext.java:3055)
		at org.apache.catalina.Context.addServletMappingDecoded(Context.java:917)
		at org.apache.catalina.startup.ContextConfig.configureContext(ContextConfig.java:1567)
		at org.apache.catalina.startup.ContextConfig.webConfig(ContextConfig.java:1334)
		at org.apache.catalina.startup.ContextConfig.configureStart(ContextConfig.java:991)
		at org.apache.catalina.startup.ContextConfig.lifecycleEvent(ContextConfig.java:304)
		at org.apache.catalina.util.LifecycleBase.fireLifecycleEvent(LifecycleBase.java:114)
		at org.apache.catalina.core.StandardContext.startInternal(StandardContext.java:4766)
		at org.apache.catalina.util.LifecycleBase.start(LifecycleBase.java:171)
		... 16 more
27-Feb-2024 15:26:31.524 INFO [http-nio-8080-exec-140] org.apache.catalina.startup.HostConfig.undeploy Undeploying context [/SE1841]
27-Feb-2024 15:26:31.536 INFO [http-nio-8080-exec-132] org.apache.catalina.startup.HostConfig.deployDescriptor Deploying deployment descriptor [C:\apache-tomcat-10.1.17\conf\Catalina\localhost\SE1841.xml]
27-Feb-2024 15:26:31.537 WARNING [http-nio-8080-exec-132] org.apache.catalina.startup.HostConfig.deployDescriptor The path attribute with value [/SE1841] in deployment descriptor [C:\apache-tomcat-10.1.17\conf\Catalina\localhost\SE1841.xml] has been ignored
27-Feb-2024 15:26:31.821 INFO [http-nio-8080-exec-132] org.apache.jasper.servlet.TldScanner.scanJars At least one JAR was scanned for TLDs yet contained no TLDs. Enable debug logging for this logger for a complete list of JARs that were scanned but no TLDs were found in them. Skipping unneeded JARs during scanning can improve startup time and JSP compilation time.
27-Feb-2024 15:26:31.830 INFO [http-nio-8080-exec-132] org.apache.catalina.startup.HostConfig.deployDescriptor Deployment of deployment descriptor [C:\apache-tomcat-10.1.17\conf\Catalina\localhost\SE1841.xml] has finished in [294] ms
27-Feb-2024 15:26:31.834 INFO [http-nio-8080-exec-137] org.apache.catalina.util.LifecycleBase.start The start() method was called on component [StandardEngine[Catalina].StandardHost[localhost].StandardContext[/SE1841]] after start() had already been called. The second call will be ignored.
