31-Jan-2024 12:32:48.630 INFO [main] org.apache.catalina.startup.VersionLoggerListener.log Server version name:   Apache Tomcat/10.1.17
31-Jan-2024 12:32:48.634 INFO [main] org.apache.catalina.startup.VersionLoggerListener.log Server built:          Dec 7 2023 23:31:38 UTC
31-Jan-2024 12:32:48.635 INFO [main] org.apache.catalina.startup.VersionLoggerListener.log Server version number: 10.1.17.0
31-Jan-2024 12:32:48.635 INFO [main] org.apache.catalina.startup.VersionLoggerListener.log OS Name:               Windows 10
31-Jan-2024 12:32:48.635 INFO [main] org.apache.catalina.startup.VersionLoggerListener.log OS Version:            10.0
31-Jan-2024 12:32:48.635 INFO [main] org.apache.catalina.startup.VersionLoggerListener.log Architecture:          amd64
31-Jan-2024 12:32:48.635 INFO [main] org.apache.catalina.startup.VersionLoggerListener.log Java Home:             C:\Program Files\Java\jdk-17
31-Jan-2024 12:32:48.635 INFO [main] org.apache.catalina.startup.VersionLoggerListener.log JVM Version:           17.0.9+11-LTS-201
31-Jan-2024 12:32:48.635 INFO [main] org.apache.catalina.startup.VersionLoggerListener.log JVM Vendor:            Oracle Corporation
31-Jan-2024 12:32:48.635 INFO [main] org.apache.catalina.startup.VersionLoggerListener.log CATALINA_BASE:         C:\apache-tomcat-10.1.17
31-Jan-2024 12:32:48.635 INFO [main] org.apache.catalina.startup.VersionLoggerListener.log CATALINA_HOME:         C:\apache-tomcat-10.1.17
31-Jan-2024 12:32:48.648 INFO [main] org.apache.catalina.startup.VersionLoggerListener.log Command line argument: -Djava.util.logging.config.file=C:\apache-tomcat-10.1.17\conf\logging.properties
31-Jan-2024 12:32:48.648 INFO [main] org.apache.catalina.startup.VersionLoggerListener.log Command line argument: -Djava.util.logging.manager=org.apache.juli.ClassLoaderLogManager
31-Jan-2024 12:32:48.648 INFO [main] org.apache.catalina.startup.VersionLoggerListener.log Command line argument: -Djdk.tls.ephemeralDHKeySize=2048
31-Jan-2024 12:32:48.648 INFO [main] org.apache.catalina.startup.VersionLoggerListener.log Command line argument: -Djava.protocol.handler.pkgs=org.apache.catalina.webresources
31-Jan-2024 12:32:48.648 INFO [main] org.apache.catalina.startup.VersionLoggerListener.log Command line argument: --add-opens=java.base/java.lang=ALL-UNNAMED
31-Jan-2024 12:32:48.648 INFO [main] org.apache.catalina.startup.VersionLoggerListener.log Command line argument: --add-opens=java.base/java.io=ALL-UNNAMED
31-Jan-2024 12:32:48.648 INFO [main] org.apache.catalina.startup.VersionLoggerListener.log Command line argument: --add-opens=java.base/java.util=ALL-UNNAMED
31-Jan-2024 12:32:48.648 INFO [main] org.apache.catalina.startup.VersionLoggerListener.log Command line argument: --add-opens=java.base/java.util.concurrent=ALL-UNNAMED
31-Jan-2024 12:32:48.648 INFO [main] org.apache.catalina.startup.VersionLoggerListener.log Command line argument: --add-opens=java.rmi/sun.rmi.transport=ALL-UNNAMED
31-Jan-2024 12:32:48.648 INFO [main] org.apache.catalina.startup.VersionLoggerListener.log Command line argument: -Dcatalina.base=C:\apache-tomcat-10.1.17
31-Jan-2024 12:32:48.649 INFO [main] org.apache.catalina.startup.VersionLoggerListener.log Command line argument: -Dcatalina.home=C:\apache-tomcat-10.1.17
31-Jan-2024 12:32:48.649 INFO [main] org.apache.catalina.startup.VersionLoggerListener.log Command line argument: -Djava.io.tmpdir=C:\apache-tomcat-10.1.17\temp
31-Jan-2024 12:32:48.659 INFO [main] org.apache.catalina.core.AprLifecycleListener.lifecycleEvent The Apache Tomcat Native library which allows using OpenSSL was not found on the java.library.path: [C:\Program Files\Java\jdk-17\bin;C:\Windows\Sun\Java\bin;C:\Windows\system32;C:\Windows;C:\Program Files\Common Files\Oracle\Java\javapath;C:\Program Files (x86)\Common Files\Oracle\Java\javapath;C:\ProgramData\Oracle\Java\javapath;C:\Windows\system32;C:\Windows;C:\Windows\System32\Wbem;C:\Windows\System32\WindowsPowerShell\v1.0\;C:\Windows\System32\OpenSSH\;C:\Program Files (x86)\NVIDIA Corporation\PhysX\Common;C:\Program Files\Microsoft SQL Server\Client SDK\ODBC\170\Tools\Binn\;C:\Program Files\Azure Data Studio\bin;C:\Program Files (x86)\Microsoft SQL Server\160\Tools\Binn\;C:\Program Files\Microsoft SQL Server\160\Tools\Binn\;C:\Program Files\Microsoft SQL Server\160\DTS\Binn\;C:\Program Files (x86)\Microsoft SQL Server\160\DTS\Binn\;C:\Users\Acer\AppData\Local\Microsoft\WindowsApps;;D:\java\IntelliJ IDEA Community Edition 2022.3\bin;;C:\Program Files\Azure Data Studio\bin;C:\Users\Acer\AppData\Local\Programs\Microsoft VS Code\bin;.]
31-Jan-2024 12:32:48.951 INFO [main] org.apache.coyote.AbstractProtocol.init Initializing ProtocolHandler ["http-nio-8080"]
31-Jan-2024 12:32:48.980 INFO [main] org.apache.catalina.startup.Catalina.load Server initialization in [531] milliseconds
31-Jan-2024 12:32:49.042 INFO [main] org.apache.catalina.core.StandardService.startInternal Starting service [Catalina]
31-Jan-2024 12:32:49.043 INFO [main] org.apache.catalina.core.StandardEngine.startInternal Starting Servlet engine: [Apache Tomcat/10.1.17]
31-Jan-2024 12:32:49.058 INFO [main] org.apache.catalina.startup.HostConfig.deployDescriptor Deploying deployment descriptor [C:\apache-tomcat-10.1.17\conf\Catalina\localhost\SE1841.xml]
31-Jan-2024 12:32:49.086 WARNING [main] org.apache.catalina.startup.HostConfig.deployDescriptor The path attribute with value [/SE1841] in deployment descriptor [C:\apache-tomcat-10.1.17\conf\Catalina\localhost\SE1841.xml] has been ignored
31-Jan-2024 12:32:50.023 INFO [main] org.apache.jasper.servlet.TldScanner.scanJars At least one JAR was scanned for TLDs yet contained no TLDs. Enable debug logging for this logger for a complete list of JARs that were scanned but no TLDs were found in them. Skipping unneeded JARs during scanning can improve startup time and JSP compilation time.
31-Jan-2024 12:32:50.152 INFO [main] org.apache.catalina.startup.HostConfig.deployDescriptor Deployment of deployment descriptor [C:\apache-tomcat-10.1.17\conf\Catalina\localhost\SE1841.xml] has finished in [1,093] ms
31-Jan-2024 12:32:50.152 INFO [main] org.apache.catalina.startup.HostConfig.deployDescriptor Deploying deployment descriptor [C:\apache-tomcat-10.1.17\conf\Catalina\localhost\SE1841MVC.xml]
31-Jan-2024 12:32:50.154 WARNING [main] org.apache.catalina.startup.HostConfig.deployDescriptor The path attribute with value [/SE1841MVC] in deployment descriptor [C:\apache-tomcat-10.1.17\conf\Catalina\localhost\SE1841MVC.xml] has been ignored
31-Jan-2024 12:32:50.677 INFO [main] org.apache.jasper.servlet.TldScanner.scanJars At least one JAR was scanned for TLDs yet contained no TLDs. Enable debug logging for this logger for a complete list of JARs that were scanned but no TLDs were found in them. Skipping unneeded JARs during scanning can improve startup time and JSP compilation time.
31-Jan-2024 12:32:50.705 INFO [main] org.apache.catalina.startup.HostConfig.deployDescriptor Deployment of deployment descriptor [C:\apache-tomcat-10.1.17\conf\Catalina\localhost\SE1841MVC.xml] has finished in [552] ms
31-Jan-2024 12:32:50.705 INFO [main] org.apache.catalina.startup.HostConfig.deployDescriptor Deploying deployment descriptor [C:\apache-tomcat-10.1.17\conf\Catalina\localhost\TestDemoWeb.xml]
31-Jan-2024 12:32:50.706 WARNING [main] org.apache.catalina.startup.HostConfig.deployDescriptor The path attribute with value [/TestDemoWeb] in deployment descriptor [C:\apache-tomcat-10.1.17\conf\Catalina\localhost\TestDemoWeb.xml] has been ignored
31-Jan-2024 12:32:50.752 INFO [main] org.apache.catalina.startup.HostConfig.deployDescriptor Deployment of deployment descriptor [C:\apache-tomcat-10.1.17\conf\Catalina\localhost\TestDemoWeb.xml] has finished in [47] ms
31-Jan-2024 12:32:50.753 INFO [main] org.apache.catalina.startup.HostConfig.deployDescriptor Deploying deployment descriptor [C:\apache-tomcat-10.1.17\conf\Catalina\localhost\WebApplication1.xml]
31-Jan-2024 12:32:50.754 WARNING [main] org.apache.catalina.startup.HostConfig.deployDescriptor The path attribute with value [/WebApplication1] in deployment descriptor [C:\apache-tomcat-10.1.17\conf\Catalina\localhost\WebApplication1.xml] has been ignored
31-Jan-2024 12:32:51.213 INFO [main] org.apache.jasper.servlet.TldScanner.scanJars At least one JAR was scanned for TLDs yet contained no TLDs. Enable debug logging for this logger for a complete list of JARs that were scanned but no TLDs were found in them. Skipping unneeded JARs during scanning can improve startup time and JSP compilation time.
31-Jan-2024 12:32:51.234 INFO [main] org.apache.catalina.startup.HostConfig.deployDescriptor Deployment of deployment descriptor [C:\apache-tomcat-10.1.17\conf\Catalina\localhost\WebApplication1.xml] has finished in [481] ms
31-Jan-2024 12:32:51.237 INFO [main] org.apache.catalina.startup.HostConfig.deployDirectory Deploying web application directory [C:\apache-tomcat-10.1.17\webapps\docs]
31-Jan-2024 12:32:51.269 INFO [main] org.apache.catalina.startup.HostConfig.deployDirectory Deployment of web application directory [C:\apache-tomcat-10.1.17\webapps\docs] has finished in [32] ms
31-Jan-2024 12:32:51.269 INFO [main] org.apache.catalina.startup.HostConfig.deployDirectory Deploying web application directory [C:\apache-tomcat-10.1.17\webapps\examples]
31-Jan-2024 12:32:51.615 INFO [main] org.apache.catalina.startup.HostConfig.deployDirectory Deployment of web application directory [C:\apache-tomcat-10.1.17\webapps\examples] has finished in [346] ms
31-Jan-2024 12:32:51.616 INFO [main] org.apache.catalina.startup.HostConfig.deployDirectory Deploying web application directory [C:\apache-tomcat-10.1.17\webapps\host-manager]
31-Jan-2024 12:32:51.653 INFO [main] org.apache.catalina.startup.HostConfig.deployDirectory Deployment of web application directory [C:\apache-tomcat-10.1.17\webapps\host-manager] has finished in [36] ms
31-Jan-2024 12:32:51.653 INFO [main] org.apache.catalina.startup.HostConfig.deployDirectory Deploying web application directory [C:\apache-tomcat-10.1.17\webapps\manager]
31-Jan-2024 12:32:51.685 INFO [main] org.apache.catalina.startup.HostConfig.deployDirectory Deployment of web application directory [C:\apache-tomcat-10.1.17\webapps\manager] has finished in [32] ms
31-Jan-2024 12:32:51.688 INFO [main] org.apache.catalina.startup.HostConfig.deployDirectory Deploying web application directory [C:\apache-tomcat-10.1.17\webapps\ROOT]
31-Jan-2024 12:32:51.711 INFO [main] org.apache.catalina.startup.HostConfig.deployDirectory Deployment of web application directory [C:\apache-tomcat-10.1.17\webapps\ROOT] has finished in [26] ms
31-Jan-2024 12:32:51.714 INFO [main] org.apache.coyote.AbstractProtocol.start Starting ProtocolHandler ["http-nio-8080"]
31-Jan-2024 12:32:51.761 INFO [main] org.apache.catalina.startup.Catalina.start Server startup in [2780] milliseconds
31-Jan-2024 12:32:53.467 INFO [http-nio-8080-exec-3] org.apache.catalina.core.StandardContext.reload Reloading Context with name [/SE1841] has started
31-Jan-2024 12:32:53.934 INFO [http-nio-8080-exec-3] org.apache.jasper.servlet.TldScanner.scanJars At least one JAR was scanned for TLDs yet contained no TLDs. Enable debug logging for this logger for a complete list of JARs that were scanned but no TLDs were found in them. Skipping unneeded JARs during scanning can improve startup time and JSP compilation time.
31-Jan-2024 12:32:53.952 INFO [http-nio-8080-exec-3] org.apache.catalina.core.StandardContext.reload Reloading Context with name [/SE1841] is completed
31-Jan-2024 12:34:36.619 INFO [http-nio-8080-exec-15] org.apache.jasper.servlet.TldScanner.scanJars At least one JAR was scanned for TLDs yet contained no TLDs. Enable debug logging for this logger for a complete list of JARs that were scanned but no TLDs were found in them. Skipping unneeded JARs during scanning can improve startup time and JSP compilation time.
31-Jan-2024 12:34:36.949 INFO [http-nio-8080-exec-8] org.apache.jasper.servlet.TldScanner.scanJars At least one JAR was scanned for TLDs yet contained no TLDs. Enable debug logging for this logger for a complete list of JARs that were scanned but no TLDs were found in them. Skipping unneeded JARs during scanning can improve startup time and JSP compilation time.
31-Jan-2024 12:34:41.830 INFO [Catalina-utility-2] org.apache.catalina.startup.HostConfig.reload Reloading context [/SE1841]
31-Jan-2024 12:34:41.830 INFO [Catalina-utility-2] org.apache.catalina.core.StandardContext.reload Reloading Context with name [/SE1841] has started
31-Jan-2024 12:34:41.833 WARNING [Catalina-utility-2] org.apache.catalina.loader.WebappClassLoaderBase.clearReferencesJdbc The web application [SE1841] registered the JDBC driver [com.microsoft.sqlserver.jdbc.SQLServerDriver] but failed to unregister it when the web application was stopped. To prevent a memory leak, the JDBC Driver has been forcibly unregistered.
31-Jan-2024 12:34:42.205 INFO [Catalina-utility-2] org.apache.jasper.servlet.TldScanner.scanJars At least one JAR was scanned for TLDs yet contained no TLDs. Enable debug logging for this logger for a complete list of JARs that were scanned but no TLDs were found in them. Skipping unneeded JARs during scanning can improve startup time and JSP compilation time.
31-Jan-2024 12:34:42.226 INFO [Catalina-utility-2] org.apache.catalina.core.StandardContext.reload Reloading Context with name [/SE1841] is completed
31-Jan-2024 13:22:17.436 INFO [http-nio-8080-exec-23] org.apache.catalina.startup.HostConfig.deployDescriptor Deploying deployment descriptor [C:\apache-tomcat-10.1.17\conf\Catalina\localhost\projectbanhang.xml]
31-Jan-2024 13:22:17.437 WARNING [http-nio-8080-exec-23] org.apache.catalina.startup.HostConfig.deployDescriptor The path attribute with value [/projectbanhang] in deployment descriptor [C:\apache-tomcat-10.1.17\conf\Catalina\localhost\projectbanhang.xml] has been ignored
31-Jan-2024 13:22:17.665 INFO [http-nio-8080-exec-23] org.apache.jasper.servlet.TldScanner.scanJars At least one JAR was scanned for TLDs yet contained no TLDs. Enable debug logging for this logger for a complete list of JARs that were scanned but no TLDs were found in them. Skipping unneeded JARs during scanning can improve startup time and JSP compilation time.
31-Jan-2024 13:22:17.673 INFO [http-nio-8080-exec-23] org.apache.catalina.startup.HostConfig.deployDescriptor Deployment of deployment descriptor [C:\apache-tomcat-10.1.17\conf\Catalina\localhost\projectbanhang.xml] has finished in [236] ms
31-Jan-2024 13:22:17.676 INFO [http-nio-8080-exec-24] org.apache.catalina.util.LifecycleBase.start The start() method was called on component [StandardEngine[Catalina].StandardHost[localhost].StandardContext[/projectbanhang]] after start() had already been called. The second call will be ignored.
31-Jan-2024 13:24:12.976 INFO [http-nio-8080-exec-27] org.apache.catalina.startup.HostConfig.undeploy Undeploying context [/projectbanhang]
31-Jan-2024 13:24:12.981 INFO [http-nio-8080-exec-23] org.apache.catalina.startup.HostConfig.deployDescriptor Deploying deployment descriptor [C:\apache-tomcat-10.1.17\conf\Catalina\localhost\projectbanhang.xml]
31-Jan-2024 13:24:12.982 WARNING [http-nio-8080-exec-23] org.apache.catalina.startup.HostConfig.deployDescriptor The path attribute with value [/SE1841] in deployment descriptor [C:\apache-tomcat-10.1.17\conf\Catalina\localhost\projectbanhang.xml] has been ignored
31-Jan-2024 13:24:13.224 INFO [http-nio-8080-exec-23] org.apache.jasper.servlet.TldScanner.scanJars At least one JAR was scanned for TLDs yet contained no TLDs. Enable debug logging for this logger for a complete list of JARs that were scanned but no TLDs were found in them. Skipping unneeded JARs during scanning can improve startup time and JSP compilation time.
31-Jan-2024 13:24:13.233 INFO [http-nio-8080-exec-23] org.apache.catalina.startup.HostConfig.deployDescriptor Deployment of deployment descriptor [C:\apache-tomcat-10.1.17\conf\Catalina\localhost\projectbanhang.xml] has finished in [251] ms
31-Jan-2024 13:26:35.123 INFO [http-nio-8080-exec-30] org.apache.catalina.core.StandardContext.reload Reloading Context with name [/projectbanhang] has started
31-Jan-2024 13:26:35.372 INFO [http-nio-8080-exec-30] org.apache.jasper.servlet.TldScanner.scanJars At least one JAR was scanned for TLDs yet contained no TLDs. Enable debug logging for this logger for a complete list of JARs that were scanned but no TLDs were found in them. Skipping unneeded JARs during scanning can improve startup time and JSP compilation time.
31-Jan-2024 13:26:35.380 INFO [http-nio-8080-exec-30] org.apache.catalina.core.StandardContext.reload Reloading Context with name [/projectbanhang] is completed
31-Jan-2024 13:32:06.780 INFO [http-nio-8080-exec-40] org.apache.catalina.core.StandardContext.reload Reloading Context with name [/projectbanhang] has started
31-Jan-2024 13:32:07.040 INFO [http-nio-8080-exec-40] org.apache.jasper.servlet.TldScanner.scanJars At least one JAR was scanned for TLDs yet contained no TLDs. Enable debug logging for this logger for a complete list of JARs that were scanned but no TLDs were found in them. Skipping unneeded JARs during scanning can improve startup time and JSP compilation time.
31-Jan-2024 13:32:07.055 INFO [http-nio-8080-exec-40] org.apache.catalina.core.StandardContext.reload Reloading Context with name [/projectbanhang] is completed
31-Jan-2024 13:37:55.379 INFO [http-nio-8080-exec-52] org.apache.catalina.startup.HostConfig.deployDescriptor Deploying deployment descriptor [C:\apache-tomcat-10.1.17\conf\Catalina\localhost\se1841_home.xml]
31-Jan-2024 13:37:55.382 WARNING [http-nio-8080-exec-52] org.apache.catalina.startup.HostConfig.deployDescriptor The path attribute with value [/se1841_home] in deployment descriptor [C:\apache-tomcat-10.1.17\conf\Catalina\localhost\se1841_home.xml] has been ignored
31-Jan-2024 13:37:55.755 INFO [http-nio-8080-exec-52] org.apache.jasper.servlet.TldScanner.scanJars At least one JAR was scanned for TLDs yet contained no TLDs. Enable debug logging for this logger for a complete list of JARs that were scanned but no TLDs were found in them. Skipping unneeded JARs during scanning can improve startup time and JSP compilation time.
31-Jan-2024 13:37:55.767 INFO [http-nio-8080-exec-52] org.apache.catalina.startup.HostConfig.deployDescriptor Deployment of deployment descriptor [C:\apache-tomcat-10.1.17\conf\Catalina\localhost\se1841_home.xml] has finished in [388] ms
31-Jan-2024 13:37:55.771 INFO [http-nio-8080-exec-43] org.apache.catalina.util.LifecycleBase.start The start() method was called on component [StandardEngine[Catalina].StandardHost[localhost].StandardContext[/se1841_home]] after start() had already been called. The second call will be ignored.
31-Jan-2024 13:38:01.353 SEVERE [http-nio-8080-exec-46] model.DBConnect.<init> null
	com.microsoft.sqlserver.jdbc.SQLServerException: Login failed for user 'dat'. ClientConnectionId:91333679-9e63-49e9-970e-cf668de01c97
		at com.microsoft.sqlserver.jdbc.SQLServerException.makeFromDatabaseError(SQLServerException.java:217)
		at com.microsoft.sqlserver.jdbc.TDSTokenHandler.onEOF(tdsparser.java:279)
		at com.microsoft.sqlserver.jdbc.TDSParser.parse(tdsparser.java:99)
		at com.microsoft.sqlserver.jdbc.SQLServerConnection.sendLogon(SQLServerConnection.java:4346)
		at com.microsoft.sqlserver.jdbc.SQLServerConnection.logon(SQLServerConnection.java:3160)
		at com.microsoft.sqlserver.jdbc.SQLServerConnection.access$100(SQLServerConnection.java:43)
		at com.microsoft.sqlserver.jdbc.SQLServerConnection$LogonCommand.doExecute(SQLServerConnection.java:3123)
		at com.microsoft.sqlserver.jdbc.TDSCommand.execute(IOBuffer.java:7505)
		at com.microsoft.sqlserver.jdbc.SQLServerConnection.executeCommand(SQLServerConnection.java:2445)
		at com.microsoft.sqlserver.jdbc.SQLServerConnection.connectHelper(SQLServerConnection.java:1981)
		at com.microsoft.sqlserver.jdbc.SQLServerConnection.login(SQLServerConnection.java:1628)
		at com.microsoft.sqlserver.jdbc.SQLServerConnection.connectInternal(SQLServerConnection.java:1459)
		at com.microsoft.sqlserver.jdbc.SQLServerConnection.connect(SQLServerConnection.java:773)
		at com.microsoft.sqlserver.jdbc.SQLServerDriver.connect(SQLServerDriver.java:1168)
		at java.sql/java.sql.DriverManager.getConnection(DriverManager.java:681)
		at java.sql/java.sql.DriverManager.getConnection(DriverManager.java:229)
		at model.DBConnect.<init>(DBConnect.java:20)
		at model.DBConnect.<init>(DBConnect.java:32)
		at model.DaoProducts.<init>(DaoProducts.java:18)
		at controller.ListServlet.doGet(ListServlet.java:63)
		at jakarta.servlet.http.HttpServlet.service(HttpServlet.java:564)
		at jakarta.servlet.http.HttpServlet.service(HttpServlet.java:658)
		at org.apache.catalina.core.ApplicationFilterChain.internalDoFilter(ApplicationFilterChain.java:205)
		at org.apache.catalina.core.ApplicationFilterChain.doFilter(ApplicationFilterChain.java:149)
		at org.apache.tomcat.websocket.server.WsFilter.doFilter(WsFilter.java:51)
		at org.apache.catalina.core.ApplicationFilterChain.internalDoFilter(ApplicationFilterChain.java:174)
		at org.apache.catalina.core.ApplicationFilterChain.doFilter(ApplicationFilterChain.java:149)
		at org.apache.catalina.core.StandardWrapperValve.invoke(StandardWrapperValve.java:167)
		at org.apache.catalina.core.StandardContextValve.invoke(StandardContextValve.java:90)
		at org.apache.catalina.authenticator.AuthenticatorBase.invoke(AuthenticatorBase.java:482)
		at org.apache.catalina.core.StandardHostValve.invoke(StandardHostValve.java:115)
		at org.apache.catalina.valves.ErrorReportValve.invoke(ErrorReportValve.java:93)
		at org.apache.catalina.valves.AbstractAccessLogValve.invoke(AbstractAccessLogValve.java:673)
		at org.apache.catalina.core.StandardEngineValve.invoke(StandardEngineValve.java:74)
		at org.apache.catalina.connector.CoyoteAdapter.service(CoyoteAdapter.java:340)
		at org.apache.coyote.http11.Http11Processor.service(Http11Processor.java:391)
		at org.apache.coyote.AbstractProcessorLight.process(AbstractProcessorLight.java:63)
		at org.apache.coyote.AbstractProtocol$ConnectionHandler.process(AbstractProtocol.java:896)
		at org.apache.tomcat.util.net.NioEndpoint$SocketProcessor.doRun(NioEndpoint.java:1744)
		at org.apache.tomcat.util.net.SocketProcessorBase.run(SocketProcessorBase.java:52)
		at org.apache.tomcat.util.threads.ThreadPoolExecutor.runWorker(ThreadPoolExecutor.java:1191)
		at org.apache.tomcat.util.threads.ThreadPoolExecutor$Worker.run(ThreadPoolExecutor.java:659)
		at org.apache.tomcat.util.threads.TaskThread$WrappingRunnable.run(TaskThread.java:61)
		at java.base/java.lang.Thread.run(Thread.java:842)
31-Jan-2024 13:38:53.803 INFO [http-nio-8080-exec-45] org.apache.catalina.core.StandardContext.reload Reloading Context with name [/se1841_home] has started
31-Jan-2024 13:38:53.811 WARNING [http-nio-8080-exec-45] org.apache.catalina.loader.WebappClassLoaderBase.clearReferencesJdbc The web application [se1841_home] registered the JDBC driver [com.microsoft.sqlserver.jdbc.SQLServerDriver] but failed to unregister it when the web application was stopped. To prevent a memory leak, the JDBC Driver has been forcibly unregistered.
31-Jan-2024 13:38:53.813 SEVERE [http-nio-8080-exec-45] org.apache.catalina.loader.WebappClassLoaderBase.checkThreadLocalMapForLeaks The web application [se1841_home] created a ThreadLocal with key of type [com.microsoft.sqlserver.jdbc.ActivityCorrelator$1] (value [com.microsoft.sqlserver.jdbc.ActivityCorrelator$1@30e8754f]) and a value of type [com.microsoft.sqlserver.jdbc.ActivityId] (value [29aa2414-0618-4c10-bb4b-10084b2d3d71-1]) but failed to remove it when the web application was stopped. Threads are going to be renewed over time to try and avoid a probable memory leak.
31-Jan-2024 13:38:54.203 INFO [http-nio-8080-exec-45] org.apache.jasper.servlet.TldScanner.scanJars At least one JAR was scanned for TLDs yet contained no TLDs. Enable debug logging for this logger for a complete list of JARs that were scanned but no TLDs were found in them. Skipping unneeded JARs during scanning can improve startup time and JSP compilation time.
31-Jan-2024 13:38:54.224 INFO [http-nio-8080-exec-45] org.apache.catalina.core.StandardContext.reload Reloading Context with name [/se1841_home] is completed
31-Jan-2024 13:47:45.609 INFO [http-nio-8080-exec-61] org.apache.catalina.core.StandardContext.reload Reloading Context with name [/projectbanhang] has started
31-Jan-2024 13:47:45.945 INFO [http-nio-8080-exec-61] org.apache.jasper.servlet.TldScanner.scanJars At least one JAR was scanned for TLDs yet contained no TLDs. Enable debug logging for this logger for a complete list of JARs that were scanned but no TLDs were found in them. Skipping unneeded JARs during scanning can improve startup time and JSP compilation time.
31-Jan-2024 13:47:45.961 INFO [http-nio-8080-exec-61] org.apache.catalina.core.StandardContext.reload Reloading Context with name [/projectbanhang] is completed
31-Jan-2024 13:54:38.774 INFO [http-nio-8080-exec-65] org.apache.catalina.core.StandardContext.reload Reloading Context with name [/projectbanhang] has started
31-Jan-2024 13:54:39.044 INFO [http-nio-8080-exec-65] org.apache.jasper.servlet.TldScanner.scanJars At least one JAR was scanned for TLDs yet contained no TLDs. Enable debug logging for this logger for a complete list of JARs that were scanned but no TLDs were found in them. Skipping unneeded JARs during scanning can improve startup time and JSP compilation time.
31-Jan-2024 13:54:39.052 INFO [http-nio-8080-exec-65] org.apache.catalina.core.StandardContext.reload Reloading Context with name [/projectbanhang] is completed
31-Jan-2024 13:54:39.373 INFO [http-nio-8080-exec-67] org.apache.catalina.core.StandardContext.reload Reloading Context with name [/projectbanhang] has started
31-Jan-2024 13:54:39.648 INFO [http-nio-8080-exec-67] org.apache.jasper.servlet.TldScanner.scanJars At least one JAR was scanned for TLDs yet contained no TLDs. Enable debug logging for this logger for a complete list of JARs that were scanned but no TLDs were found in them. Skipping unneeded JARs during scanning can improve startup time and JSP compilation time.
31-Jan-2024 13:54:39.656 INFO [http-nio-8080-exec-67] org.apache.catalina.core.StandardContext.reload Reloading Context with name [/projectbanhang] is completed
31-Jan-2024 13:55:10.090 INFO [http-nio-8080-exec-65] org.apache.catalina.core.StandardContext.reload Reloading Context with name [/projectbanhang] has started
31-Jan-2024 13:55:10.312 INFO [http-nio-8080-exec-65] org.apache.jasper.servlet.TldScanner.scanJars At least one JAR was scanned for TLDs yet contained no TLDs. Enable debug logging for this logger for a complete list of JARs that were scanned but no TLDs were found in them. Skipping unneeded JARs during scanning can improve startup time and JSP compilation time.
31-Jan-2024 13:55:10.320 INFO [http-nio-8080-exec-65] org.apache.catalina.core.StandardContext.reload Reloading Context with name [/projectbanhang] is completed
31-Jan-2024 14:01:18.144 INFO [http-nio-8080-exec-74] org.apache.catalina.core.StandardContext.reload Reloading Context with name [/projectbanhang] has started
31-Jan-2024 14:01:18.395 INFO [http-nio-8080-exec-74] org.apache.jasper.servlet.TldScanner.scanJars At least one JAR was scanned for TLDs yet contained no TLDs. Enable debug logging for this logger for a complete list of JARs that were scanned but no TLDs were found in them. Skipping unneeded JARs during scanning can improve startup time and JSP compilation time.
31-Jan-2024 14:01:18.403 INFO [http-nio-8080-exec-74] org.apache.catalina.core.StandardContext.reload Reloading Context with name [/projectbanhang] is completed
31-Jan-2024 14:26:57.686 INFO [http-nio-8080-exec-79] org.apache.catalina.startup.HostConfig.undeploy Undeploying context [/projectbanhang]
31-Jan-2024 14:26:57.691 INFO [http-nio-8080-exec-82] org.apache.catalina.startup.HostConfig.deployDescriptor Deploying deployment descriptor [C:\apache-tomcat-10.1.17\conf\Catalina\localhost\projectbanhang.xml]
31-Jan-2024 14:26:57.692 WARNING [http-nio-8080-exec-82] org.apache.catalina.startup.HostConfig.deployDescriptor The path attribute with value [/Project_banhang] in deployment descriptor [C:\apache-tomcat-10.1.17\conf\Catalina\localhost\projectbanhang.xml] has been ignored
31-Jan-2024 14:26:57.929 INFO [http-nio-8080-exec-82] org.apache.jasper.servlet.TldScanner.scanJars At least one JAR was scanned for TLDs yet contained no TLDs. Enable debug logging for this logger for a complete list of JARs that were scanned but no TLDs were found in them. Skipping unneeded JARs during scanning can improve startup time and JSP compilation time.
31-Jan-2024 14:26:57.938 INFO [http-nio-8080-exec-82] org.apache.catalina.startup.HostConfig.deployDescriptor Deployment of deployment descriptor [C:\apache-tomcat-10.1.17\conf\Catalina\localhost\projectbanhang.xml] has finished in [247] ms
31-Jan-2024 14:26:59.714 INFO [http-nio-8080-exec-82] org.apache.catalina.core.StandardContext.reload Reloading Context with name [/projectbanhang] has started
31-Jan-2024 14:26:59.968 INFO [http-nio-8080-exec-82] org.apache.jasper.servlet.TldScanner.scanJars At least one JAR was scanned for TLDs yet contained no TLDs. Enable debug logging for this logger for a complete list of JARs that were scanned but no TLDs were found in them. Skipping unneeded JARs during scanning can improve startup time and JSP compilation time.
31-Jan-2024 14:26:59.976 INFO [http-nio-8080-exec-82] org.apache.catalina.core.StandardContext.reload Reloading Context with name [/projectbanhang] is completed
31-Jan-2024 14:27:00.505 INFO [http-nio-8080-exec-85] org.apache.catalina.startup.HostConfig.undeploy Undeploying context [/projectbanhang]
31-Jan-2024 14:27:00.511 INFO [http-nio-8080-exec-84] org.apache.catalina.startup.HostConfig.deployDescriptor Deploying deployment descriptor [C:\apache-tomcat-10.1.17\conf\Catalina\localhost\Project_banhang.xml]
31-Jan-2024 14:27:00.512 WARNING [http-nio-8080-exec-84] org.apache.catalina.startup.HostConfig.deployDescriptor The path attribute with value [/Project_banhang] in deployment descriptor [C:\apache-tomcat-10.1.17\conf\Catalina\localhost\Project_banhang.xml] has been ignored
31-Jan-2024 14:27:00.731 INFO [http-nio-8080-exec-84] org.apache.jasper.servlet.TldScanner.scanJars At least one JAR was scanned for TLDs yet contained no TLDs. Enable debug logging for this logger for a complete list of JARs that were scanned but no TLDs were found in them. Skipping unneeded JARs during scanning can improve startup time and JSP compilation time.
31-Jan-2024 14:27:00.739 INFO [http-nio-8080-exec-84] org.apache.catalina.startup.HostConfig.deployDescriptor Deployment of deployment descriptor [C:\apache-tomcat-10.1.17\conf\Catalina\localhost\Project_banhang.xml] has finished in [228] ms
31-Jan-2024 14:27:00.742 INFO [http-nio-8080-exec-90] org.apache.catalina.util.LifecycleBase.start The start() method was called on component [StandardEngine[Catalina].StandardHost[localhost].StandardContext[/Project_banhang]] after start() had already been called. The second call will be ignored.
31-Jan-2024 14:29:06.913 WARNING [http-nio-8080-exec-93] org.apache.catalina.loader.WebappClassLoaderBase.clearReferencesJdbc The web application [se1841_home] registered the JDBC driver [com.microsoft.sqlserver.jdbc.SQLServerDriver] but failed to unregister it when the web application was stopped. To prevent a memory leak, the JDBC Driver has been forcibly unregistered.
31-Jan-2024 14:29:07.419 INFO [http-nio-8080-exec-93] org.apache.catalina.startup.HostConfig.undeploy Undeploying context [/se1841_home]
31-Jan-2024 14:29:07.426 INFO [http-nio-8080-exec-98] org.apache.catalina.startup.HostConfig.deployDescriptor Deploying deployment descriptor [C:\apache-tomcat-10.1.17\conf\Catalina\localhost\se1841_home.xml]
31-Jan-2024 14:29:07.426 WARNING [http-nio-8080-exec-98] org.apache.catalina.startup.HostConfig.deployDescriptor The path attribute with value [/se1841_home] in deployment descriptor [C:\apache-tomcat-10.1.17\conf\Catalina\localhost\se1841_home.xml] has been ignored
31-Jan-2024 14:29:07.681 INFO [http-nio-8080-exec-98] org.apache.jasper.servlet.TldScanner.scanJars At least one JAR was scanned for TLDs yet contained no TLDs. Enable debug logging for this logger for a complete list of JARs that were scanned but no TLDs were found in them. Skipping unneeded JARs during scanning can improve startup time and JSP compilation time.
31-Jan-2024 14:29:07.691 INFO [http-nio-8080-exec-98] org.apache.catalina.startup.HostConfig.deployDescriptor Deployment of deployment descriptor [C:\apache-tomcat-10.1.17\conf\Catalina\localhost\se1841_home.xml] has finished in [264] ms
31-Jan-2024 14:29:07.693 INFO [http-nio-8080-exec-95] org.apache.catalina.util.LifecycleBase.start The start() method was called on component [StandardEngine[Catalina].StandardHost[localhost].StandardContext[/se1841_home]] after start() had already been called. The second call will be ignored.
31-Jan-2024 14:29:34.157 INFO [http-nio-8080-exec-95] org.apache.catalina.startup.HostConfig.undeploy Undeploying context [/Project_banhang]
31-Jan-2024 14:29:34.163 INFO [http-nio-8080-exec-99] org.apache.catalina.startup.HostConfig.deployDescriptor Deploying deployment descriptor [C:\apache-tomcat-10.1.17\conf\Catalina\localhost\Project_banhang.xml]
31-Jan-2024 14:29:34.164 WARNING [http-nio-8080-exec-99] org.apache.catalina.startup.HostConfig.deployDescriptor The path attribute with value [/Project_banhang] in deployment descriptor [C:\apache-tomcat-10.1.17\conf\Catalina\localhost\Project_banhang.xml] has been ignored
31-Jan-2024 14:29:34.391 INFO [http-nio-8080-exec-99] org.apache.jasper.servlet.TldScanner.scanJars At least one JAR was scanned for TLDs yet contained no TLDs. Enable debug logging for this logger for a complete list of JARs that were scanned but no TLDs were found in them. Skipping unneeded JARs during scanning can improve startup time and JSP compilation time.
31-Jan-2024 14:29:34.399 INFO [http-nio-8080-exec-99] org.apache.catalina.startup.HostConfig.deployDescriptor Deployment of deployment descriptor [C:\apache-tomcat-10.1.17\conf\Catalina\localhost\Project_banhang.xml] has finished in [236] ms
31-Jan-2024 14:29:34.401 INFO [http-nio-8080-exec-100] org.apache.catalina.util.LifecycleBase.start The start() method was called on component [StandardEngine[Catalina].StandardHost[localhost].StandardContext[/Project_banhang]] after start() had already been called. The second call will be ignored.
31-Jan-2024 14:32:38.818 INFO [http-nio-8080-exec-111] org.apache.catalina.core.StandardContext.reload Reloading Context with name [/Project_banhang] has started
31-Jan-2024 14:32:39.059 INFO [http-nio-8080-exec-111] org.apache.jasper.servlet.TldScanner.scanJars At least one JAR was scanned for TLDs yet contained no TLDs. Enable debug logging for this logger for a complete list of JARs that were scanned but no TLDs were found in them. Skipping unneeded JARs during scanning can improve startup time and JSP compilation time.
31-Jan-2024 14:32:39.067 INFO [http-nio-8080-exec-111] org.apache.catalina.core.StandardContext.reload Reloading Context with name [/Project_banhang] is completed
31-Jan-2024 14:32:48.088 INFO [main] org.apache.catalina.core.StandardServer.await A valid shutdown command was received via the shutdown port. Stopping the Server instance.
31-Jan-2024 14:32:48.089 INFO [main] org.apache.coyote.AbstractProtocol.pause Pausing ProtocolHandler ["http-nio-8080"]
31-Jan-2024 14:32:48.096 INFO [main] org.apache.catalina.core.StandardService.stopInternal Stopping service [Catalina]
31-Jan-2024 14:32:48.156 WARNING [main] org.apache.catalina.loader.WebappClassLoaderBase.clearReferencesJdbc The web application [SE1841] registered the JDBC driver [com.microsoft.sqlserver.jdbc.SQLServerDriver] but failed to unregister it when the web application was stopped. To prevent a memory leak, the JDBC Driver has been forcibly unregistered.
31-Jan-2024 14:32:48.165 INFO [main] org.apache.coyote.AbstractProtocol.stop Stopping ProtocolHandler ["http-nio-8080"]
31-Jan-2024 14:32:48.183 INFO [main] org.apache.coyote.AbstractProtocol.destroy Destroying ProtocolHandler ["http-nio-8080"]
31-Jan-2024 15:14:35.649 INFO [main] org.apache.catalina.startup.VersionLoggerListener.log Server version name:   Apache Tomcat/10.1.17
31-Jan-2024 15:14:35.655 INFO [main] org.apache.catalina.startup.VersionLoggerListener.log Server built:          Dec 7 2023 23:31:38 UTC
31-Jan-2024 15:14:35.655 INFO [main] org.apache.catalina.startup.VersionLoggerListener.log Server version number: 10.1.17.0
31-Jan-2024 15:14:35.656 INFO [main] org.apache.catalina.startup.VersionLoggerListener.log OS Name:               Windows 10
31-Jan-2024 15:14:35.656 INFO [main] org.apache.catalina.startup.VersionLoggerListener.log OS Version:            10.0
31-Jan-2024 15:14:35.656 INFO [main] org.apache.catalina.startup.VersionLoggerListener.log Architecture:          amd64
31-Jan-2024 15:14:35.656 INFO [main] org.apache.catalina.startup.VersionLoggerListener.log Java Home:             C:\Program Files\Java\jdk-17
31-Jan-2024 15:14:35.656 INFO [main] org.apache.catalina.startup.VersionLoggerListener.log JVM Version:           17.0.9+11-LTS-201
31-Jan-2024 15:14:35.656 INFO [main] org.apache.catalina.startup.VersionLoggerListener.log JVM Vendor:            Oracle Corporation
31-Jan-2024 15:14:35.656 INFO [main] org.apache.catalina.startup.VersionLoggerListener.log CATALINA_BASE:         C:\apache-tomcat-10.1.17
31-Jan-2024 15:14:35.656 INFO [main] org.apache.catalina.startup.VersionLoggerListener.log CATALINA_HOME:         C:\apache-tomcat-10.1.17
31-Jan-2024 15:14:35.675 INFO [main] org.apache.catalina.startup.VersionLoggerListener.log Command line argument: -Djava.util.logging.config.file=C:\apache-tomcat-10.1.17\conf\logging.properties
31-Jan-2024 15:14:35.675 INFO [main] org.apache.catalina.startup.VersionLoggerListener.log Command line argument: -Djava.util.logging.manager=org.apache.juli.ClassLoaderLogManager
31-Jan-2024 15:14:35.675 INFO [main] org.apache.catalina.startup.VersionLoggerListener.log Command line argument: -Djdk.tls.ephemeralDHKeySize=2048
31-Jan-2024 15:14:35.675 INFO [main] org.apache.catalina.startup.VersionLoggerListener.log Command line argument: -Djava.protocol.handler.pkgs=org.apache.catalina.webresources
31-Jan-2024 15:14:35.675 INFO [main] org.apache.catalina.startup.VersionLoggerListener.log Command line argument: --add-opens=java.base/java.lang=ALL-UNNAMED
31-Jan-2024 15:14:35.675 INFO [main] org.apache.catalina.startup.VersionLoggerListener.log Command line argument: --add-opens=java.base/java.io=ALL-UNNAMED
31-Jan-2024 15:14:35.675 INFO [main] org.apache.catalina.startup.VersionLoggerListener.log Command line argument: --add-opens=java.base/java.util=ALL-UNNAMED
31-Jan-2024 15:14:35.676 INFO [main] org.apache.catalina.startup.VersionLoggerListener.log Command line argument: --add-opens=java.base/java.util.concurrent=ALL-UNNAMED
31-Jan-2024 15:14:35.676 INFO [main] org.apache.catalina.startup.VersionLoggerListener.log Command line argument: --add-opens=java.rmi/sun.rmi.transport=ALL-UNNAMED
31-Jan-2024 15:14:35.676 INFO [main] org.apache.catalina.startup.VersionLoggerListener.log Command line argument: -Dcatalina.base=C:\apache-tomcat-10.1.17
31-Jan-2024 15:14:35.676 INFO [main] org.apache.catalina.startup.VersionLoggerListener.log Command line argument: -Dcatalina.home=C:\apache-tomcat-10.1.17
31-Jan-2024 15:14:35.676 INFO [main] org.apache.catalina.startup.VersionLoggerListener.log Command line argument: -Djava.io.tmpdir=C:\apache-tomcat-10.1.17\temp
31-Jan-2024 15:14:35.688 INFO [main] org.apache.catalina.core.AprLifecycleListener.lifecycleEvent The Apache Tomcat Native library which allows using OpenSSL was not found on the java.library.path: [C:\Program Files\Java\jdk-17\bin;C:\Windows\Sun\Java\bin;C:\Windows\system32;C:\Windows;C:\Program Files\Common Files\Oracle\Java\javapath;C:\Program Files (x86)\Common Files\Oracle\Java\javapath;C:\ProgramData\Oracle\Java\javapath;C:\Windows\system32;C:\Windows;C:\Windows\System32\Wbem;C:\Windows\System32\WindowsPowerShell\v1.0\;C:\Windows\System32\OpenSSH\;C:\Program Files (x86)\NVIDIA Corporation\PhysX\Common;C:\Program Files\Microsoft SQL Server\Client SDK\ODBC\170\Tools\Binn\;C:\Program Files\Azure Data Studio\bin;C:\Program Files (x86)\Microsoft SQL Server\160\Tools\Binn\;C:\Program Files\Microsoft SQL Server\160\Tools\Binn\;C:\Program Files\Microsoft SQL Server\160\DTS\Binn\;C:\Program Files (x86)\Microsoft SQL Server\160\DTS\Binn\;C:\Users\Acer\AppData\Local\Microsoft\WindowsApps;;D:\java\IntelliJ IDEA Community Edition 2022.3\bin;;C:\Program Files\Azure Data Studio\bin;C:\Users\Acer\AppData\Local\Programs\Microsoft VS Code\bin;.]
31-Jan-2024 15:14:36.050 INFO [main] org.apache.coyote.AbstractProtocol.init Initializing ProtocolHandler ["http-nio-8080"]
31-Jan-2024 15:14:36.081 INFO [main] org.apache.catalina.startup.Catalina.load Server initialization in [716] milliseconds
31-Jan-2024 15:14:36.156 INFO [main] org.apache.catalina.core.StandardService.startInternal Starting service [Catalina]
31-Jan-2024 15:14:36.156 INFO [main] org.apache.catalina.core.StandardEngine.startInternal Starting Servlet engine: [Apache Tomcat/10.1.17]
31-Jan-2024 15:14:36.171 INFO [main] org.apache.catalina.startup.HostConfig.deployDescriptor Deploying deployment descriptor [C:\apache-tomcat-10.1.17\conf\Catalina\localhost\Project_banhang.xml]
31-Jan-2024 15:14:36.193 WARNING [main] org.apache.catalina.startup.HostConfig.deployDescriptor The path attribute with value [/Project_banhang] in deployment descriptor [C:\apache-tomcat-10.1.17\conf\Catalina\localhost\Project_banhang.xml] has been ignored
31-Jan-2024 15:14:37.254 INFO [main] org.apache.jasper.servlet.TldScanner.scanJars At least one JAR was scanned for TLDs yet contained no TLDs. Enable debug logging for this logger for a complete list of JARs that were scanned but no TLDs were found in them. Skipping unneeded JARs during scanning can improve startup time and JSP compilation time.
31-Jan-2024 15:14:37.378 INFO [main] org.apache.catalina.startup.HostConfig.deployDescriptor Deployment of deployment descriptor [C:\apache-tomcat-10.1.17\conf\Catalina\localhost\Project_banhang.xml] has finished in [1,207] ms
31-Jan-2024 15:14:37.379 INFO [main] org.apache.catalina.startup.HostConfig.deployDescriptor Deploying deployment descriptor [C:\apache-tomcat-10.1.17\conf\Catalina\localhost\SE1841.xml]
31-Jan-2024 15:14:37.380 WARNING [main] org.apache.catalina.startup.HostConfig.deployDescriptor The path attribute with value [/SE1841] in deployment descriptor [C:\apache-tomcat-10.1.17\conf\Catalina\localhost\SE1841.xml] has been ignored
31-Jan-2024 15:14:37.945 INFO [main] org.apache.jasper.servlet.TldScanner.scanJars At least one JAR was scanned for TLDs yet contained no TLDs. Enable debug logging for this logger for a complete list of JARs that were scanned but no TLDs were found in them. Skipping unneeded JARs during scanning can improve startup time and JSP compilation time.
31-Jan-2024 15:14:37.971 INFO [main] org.apache.catalina.startup.HostConfig.deployDescriptor Deployment of deployment descriptor [C:\apache-tomcat-10.1.17\conf\Catalina\localhost\SE1841.xml] has finished in [592] ms
31-Jan-2024 15:14:37.972 INFO [main] org.apache.catalina.startup.HostConfig.deployDescriptor Deploying deployment descriptor [C:\apache-tomcat-10.1.17\conf\Catalina\localhost\SE1841MVC.xml]
31-Jan-2024 15:14:37.973 WARNING [main] org.apache.catalina.startup.HostConfig.deployDescriptor The path attribute with value [/SE1841MVC] in deployment descriptor [C:\apache-tomcat-10.1.17\conf\Catalina\localhost\SE1841MVC.xml] has been ignored
31-Jan-2024 15:14:38.500 INFO [main] org.apache.jasper.servlet.TldScanner.scanJars At least one JAR was scanned for TLDs yet contained no TLDs. Enable debug logging for this logger for a complete list of JARs that were scanned but no TLDs were found in them. Skipping unneeded JARs during scanning can improve startup time and JSP compilation time.
31-Jan-2024 15:14:38.521 INFO [main] org.apache.catalina.startup.HostConfig.deployDescriptor Deployment of deployment descriptor [C:\apache-tomcat-10.1.17\conf\Catalina\localhost\SE1841MVC.xml] has finished in [549] ms
31-Jan-2024 15:14:38.521 INFO [main] org.apache.catalina.startup.HostConfig.deployDescriptor Deploying deployment descriptor [C:\apache-tomcat-10.1.17\conf\Catalina\localhost\se1841_home.xml]
31-Jan-2024 15:14:38.522 WARNING [main] org.apache.catalina.startup.HostConfig.deployDescriptor The path attribute with value [/se1841_home] in deployment descriptor [C:\apache-tomcat-10.1.17\conf\Catalina\localhost\se1841_home.xml] has been ignored
31-Jan-2024 15:14:39.044 INFO [main] org.apache.jasper.servlet.TldScanner.scanJars At least one JAR was scanned for TLDs yet contained no TLDs. Enable debug logging for this logger for a complete list of JARs that were scanned but no TLDs were found in them. Skipping unneeded JARs during scanning can improve startup time and JSP compilation time.
31-Jan-2024 15:14:39.066 INFO [main] org.apache.catalina.startup.HostConfig.deployDescriptor Deployment of deployment descriptor [C:\apache-tomcat-10.1.17\conf\Catalina\localhost\se1841_home.xml] has finished in [545] ms
31-Jan-2024 15:14:39.066 INFO [main] org.apache.catalina.startup.HostConfig.deployDescriptor Deploying deployment descriptor [C:\apache-tomcat-10.1.17\conf\Catalina\localhost\TestDemoWeb.xml]
31-Jan-2024 15:14:39.067 WARNING [main] org.apache.catalina.startup.HostConfig.deployDescriptor The path attribute with value [/TestDemoWeb] in deployment descriptor [C:\apache-tomcat-10.1.17\conf\Catalina\localhost\TestDemoWeb.xml] has been ignored
31-Jan-2024 15:14:39.105 INFO [main] org.apache.catalina.startup.HostConfig.deployDescriptor Deployment of deployment descriptor [C:\apache-tomcat-10.1.17\conf\Catalina\localhost\TestDemoWeb.xml] has finished in [39] ms
31-Jan-2024 15:14:39.106 INFO [main] org.apache.catalina.startup.HostConfig.deployDescriptor Deploying deployment descriptor [C:\apache-tomcat-10.1.17\conf\Catalina\localhost\WebApplication1.xml]
31-Jan-2024 15:14:39.107 WARNING [main] org.apache.catalina.startup.HostConfig.deployDescriptor The path attribute with value [/WebApplication1] in deployment descriptor [C:\apache-tomcat-10.1.17\conf\Catalina\localhost\WebApplication1.xml] has been ignored
31-Jan-2024 15:14:39.464 INFO [main] org.apache.jasper.servlet.TldScanner.scanJars At least one JAR was scanned for TLDs yet contained no TLDs. Enable debug logging for this logger for a complete list of JARs that were scanned but no TLDs were found in them. Skipping unneeded JARs during scanning can improve startup time and JSP compilation time.
31-Jan-2024 15:14:39.482 INFO [main] org.apache.catalina.startup.HostConfig.deployDescriptor Deployment of deployment descriptor [C:\apache-tomcat-10.1.17\conf\Catalina\localhost\WebApplication1.xml] has finished in [377] ms
31-Jan-2024 15:14:39.483 INFO [main] org.apache.catalina.startup.HostConfig.deployDirectory Deploying web application directory [C:\apache-tomcat-10.1.17\webapps\docs]
31-Jan-2024 15:14:39.509 INFO [main] org.apache.catalina.startup.HostConfig.deployDirectory Deployment of web application directory [C:\apache-tomcat-10.1.17\webapps\docs] has finished in [26] ms
31-Jan-2024 15:14:39.510 INFO [main] org.apache.catalina.startup.HostConfig.deployDirectory Deploying web application directory [C:\apache-tomcat-10.1.17\webapps\examples]
31-Jan-2024 15:14:39.802 INFO [main] org.apache.catalina.startup.HostConfig.deployDirectory Deployment of web application directory [C:\apache-tomcat-10.1.17\webapps\examples] has finished in [292] ms
31-Jan-2024 15:14:39.803 INFO [main] org.apache.catalina.startup.HostConfig.deployDirectory Deploying web application directory [C:\apache-tomcat-10.1.17\webapps\host-manager]
31-Jan-2024 15:14:39.840 INFO [main] org.apache.catalina.startup.HostConfig.deployDirectory Deployment of web application directory [C:\apache-tomcat-10.1.17\webapps\host-manager] has finished in [37] ms
31-Jan-2024 15:14:39.841 INFO [main] org.apache.catalina.startup.HostConfig.deployDirectory Deploying web application directory [C:\apache-tomcat-10.1.17\webapps\manager]
31-Jan-2024 15:14:39.875 INFO [main] org.apache.catalina.startup.HostConfig.deployDirectory Deployment of web application directory [C:\apache-tomcat-10.1.17\webapps\manager] has finished in [34] ms
31-Jan-2024 15:14:39.876 INFO [main] org.apache.catalina.startup.HostConfig.deployDirectory Deploying web application directory [C:\apache-tomcat-10.1.17\webapps\ROOT]
31-Jan-2024 15:14:39.898 INFO [main] org.apache.catalina.startup.HostConfig.deployDirectory Deployment of web application directory [C:\apache-tomcat-10.1.17\webapps\ROOT] has finished in [22] ms
31-Jan-2024 15:14:39.904 INFO [main] org.apache.coyote.AbstractProtocol.start Starting ProtocolHandler ["http-nio-8080"]
31-Jan-2024 15:14:39.965 INFO [main] org.apache.catalina.startup.Catalina.start Server startup in [3883] milliseconds
31-Jan-2024 15:14:43.002 INFO [http-nio-8080-exec-9] org.apache.catalina.startup.HostConfig.undeploy Undeploying context [/se1841_home]
31-Jan-2024 15:14:43.052 INFO [http-nio-8080-exec-4] org.apache.catalina.startup.HostConfig.deployDescriptor Deploying deployment descriptor [C:\apache-tomcat-10.1.17\conf\Catalina\localhost\se1841_home.xml]
31-Jan-2024 15:14:43.055 WARNING [http-nio-8080-exec-4] org.apache.catalina.startup.HostConfig.deployDescriptor The path attribute with value [/se1841_home] in deployment descriptor [C:\apache-tomcat-10.1.17\conf\Catalina\localhost\se1841_home.xml] has been ignored
31-Jan-2024 15:14:43.721 INFO [http-nio-8080-exec-4] org.apache.jasper.servlet.TldScanner.scanJars At least one JAR was scanned for TLDs yet contained no TLDs. Enable debug logging for this logger for a complete list of JARs that were scanned but no TLDs were found in them. Skipping unneeded JARs during scanning can improve startup time and JSP compilation time.
31-Jan-2024 15:14:43.743 INFO [http-nio-8080-exec-4] org.apache.catalina.startup.HostConfig.deployDescriptor Deployment of deployment descriptor [C:\apache-tomcat-10.1.17\conf\Catalina\localhost\se1841_home.xml] has finished in [691] ms
31-Jan-2024 15:14:43.748 INFO [http-nio-8080-exec-1] org.apache.catalina.util.LifecycleBase.start The start() method was called on component [StandardEngine[Catalina].StandardHost[localhost].StandardContext[/se1841_home]] after start() had already been called. The second call will be ignored.
31-Jan-2024 15:29:29.672 INFO [http-nio-8080-exec-13] org.apache.catalina.core.StandardContext.reload Reloading Context with name [/Project_banhang] has started
31-Jan-2024 15:29:29.994 INFO [http-nio-8080-exec-13] org.apache.jasper.servlet.TldScanner.scanJars At least one JAR was scanned for TLDs yet contained no TLDs. Enable debug logging for this logger for a complete list of JARs that were scanned but no TLDs were found in them. Skipping unneeded JARs during scanning can improve startup time and JSP compilation time.
31-Jan-2024 15:29:30.009 INFO [http-nio-8080-exec-13] org.apache.catalina.core.StandardContext.reload Reloading Context with name [/Project_banhang] is completed
31-Jan-2024 15:37:19.982 INFO [http-nio-8080-exec-23] org.apache.catalina.core.StandardContext.reload Reloading Context with name [/Project_banhang] has started
31-Jan-2024 15:37:20.336 INFO [http-nio-8080-exec-23] org.apache.jasper.servlet.TldScanner.scanJars At least one JAR was scanned for TLDs yet contained no TLDs. Enable debug logging for this logger for a complete list of JARs that were scanned but no TLDs were found in them. Skipping unneeded JARs during scanning can improve startup time and JSP compilation time.
31-Jan-2024 15:37:20.350 INFO [http-nio-8080-exec-23] org.apache.catalina.core.StandardContext.reload Reloading Context with name [/Project_banhang] is completed
31-Jan-2024 15:44:43.123 INFO [http-nio-8080-exec-38] org.apache.catalina.core.StandardContext.reload Reloading Context with name [/Project_banhang] has started
31-Jan-2024 15:44:43.125 WARNING [http-nio-8080-exec-38] org.apache.catalina.loader.WebappClassLoaderBase.clearReferencesJdbc The web application [Project_banhang] registered the JDBC driver [com.microsoft.sqlserver.jdbc.SQLServerDriver] but failed to unregister it when the web application was stopped. To prevent a memory leak, the JDBC Driver has been forcibly unregistered.
31-Jan-2024 15:44:43.125 SEVERE [http-nio-8080-exec-38] org.apache.catalina.loader.WebappClassLoaderBase.checkThreadLocalMapForLeaks The web application [Project_banhang] created a ThreadLocal with key of type [com.microsoft.sqlserver.jdbc.ActivityCorrelator$1] (value [com.microsoft.sqlserver.jdbc.ActivityCorrelator$1@6bff188]) and a value of type [com.microsoft.sqlserver.jdbc.ActivityId] (value [9d890fcf-a8a2-4612-82c4-40f1b0573707-1]) but failed to remove it when the web application was stopped. Threads are going to be renewed over time to try and avoid a probable memory leak.
31-Jan-2024 15:44:43.126 SEVERE [http-nio-8080-exec-38] org.apache.catalina.loader.WebappClassLoaderBase.checkThreadLocalMapForLeaks The web application [Project_banhang] created a ThreadLocal with key of type [com.microsoft.sqlserver.jdbc.ActivityCorrelator$1] (value [com.microsoft.sqlserver.jdbc.ActivityCorrelator$1@6bff188]) and a value of type [com.microsoft.sqlserver.jdbc.ActivityId] (value [822b8c15-9e60-430b-946f-f7cb3737f185-1]) but failed to remove it when the web application was stopped. Threads are going to be renewed over time to try and avoid a probable memory leak.
31-Jan-2024 15:44:43.126 SEVERE [http-nio-8080-exec-38] org.apache.catalina.loader.WebappClassLoaderBase.checkThreadLocalMapForLeaks The web application [Project_banhang] created a ThreadLocal with key of type [com.microsoft.sqlserver.jdbc.ActivityCorrelator$1] (value [com.microsoft.sqlserver.jdbc.ActivityCorrelator$1@6bff188]) and a value of type [com.microsoft.sqlserver.jdbc.ActivityId] (value [11a9619b-07b5-4f60-a3d9-b501d0280a03-1]) but failed to remove it when the web application was stopped. Threads are going to be renewed over time to try and avoid a probable memory leak.
31-Jan-2024 15:44:43.126 SEVERE [http-nio-8080-exec-38] org.apache.catalina.loader.WebappClassLoaderBase.checkThreadLocalMapForLeaks The web application [Project_banhang] created a ThreadLocal with key of type [com.microsoft.sqlserver.jdbc.ActivityCorrelator$1] (value [com.microsoft.sqlserver.jdbc.ActivityCorrelator$1@6bff188]) and a value of type [com.microsoft.sqlserver.jdbc.ActivityId] (value [37547765-a6d9-4141-a1f0-61ead9c35052-1]) but failed to remove it when the web application was stopped. Threads are going to be renewed over time to try and avoid a probable memory leak.
31-Jan-2024 15:44:43.126 SEVERE [http-nio-8080-exec-38] org.apache.catalina.loader.WebappClassLoaderBase.checkThreadLocalMapForLeaks The web application [Project_banhang] created a ThreadLocal with key of type [com.microsoft.sqlserver.jdbc.ActivityCorrelator$1] (value [com.microsoft.sqlserver.jdbc.ActivityCorrelator$1@6bff188]) and a value of type [com.microsoft.sqlserver.jdbc.ActivityId] (value [9ab035a6-22a4-468b-8721-f34b7e4b4b1e-1]) but failed to remove it when the web application was stopped. Threads are going to be renewed over time to try and avoid a probable memory leak.
31-Jan-2024 15:44:43.127 SEVERE [http-nio-8080-exec-38] org.apache.catalina.loader.WebappClassLoaderBase.checkThreadLocalMapForLeaks The web application [Project_banhang] created a ThreadLocal with key of type [com.microsoft.sqlserver.jdbc.ActivityCorrelator$1] (value [com.microsoft.sqlserver.jdbc.ActivityCorrelator$1@6bff188]) and a value of type [com.microsoft.sqlserver.jdbc.ActivityId] (value [15e7c84d-5e25-44ca-8618-27eb392da72c-1]) but failed to remove it when the web application was stopped. Threads are going to be renewed over time to try and avoid a probable memory leak.
31-Jan-2024 15:44:43.418 INFO [http-nio-8080-exec-38] org.apache.jasper.servlet.TldScanner.scanJars At least one JAR was scanned for TLDs yet contained no TLDs. Enable debug logging for this logger for a complete list of JARs that were scanned but no TLDs were found in them. Skipping unneeded JARs during scanning can improve startup time and JSP compilation time.
31-Jan-2024 15:44:43.429 INFO [http-nio-8080-exec-38] org.apache.catalina.core.StandardContext.reload Reloading Context with name [/Project_banhang] is completed
31-Jan-2024 15:47:26.640 INFO [http-nio-8080-exec-44] org.apache.catalina.core.StandardContext.reload Reloading Context with name [/Project_banhang] has started
31-Jan-2024 15:47:26.642 WARNING [http-nio-8080-exec-44] org.apache.catalina.loader.WebappClassLoaderBase.clearReferencesJdbc The web application [Project_banhang] registered the JDBC driver [com.microsoft.sqlserver.jdbc.SQLServerDriver] but failed to unregister it when the web application was stopped. To prevent a memory leak, the JDBC Driver has been forcibly unregistered.
31-Jan-2024 15:47:26.930 INFO [http-nio-8080-exec-44] org.apache.jasper.servlet.TldScanner.scanJars At least one JAR was scanned for TLDs yet contained no TLDs. Enable debug logging for this logger for a complete list of JARs that were scanned but no TLDs were found in them. Skipping unneeded JARs during scanning can improve startup time and JSP compilation time.
31-Jan-2024 15:47:26.941 INFO [http-nio-8080-exec-44] org.apache.catalina.core.StandardContext.reload Reloading Context with name [/Project_banhang] is completed
31-Jan-2024 15:52:32.419 INFO [http-nio-8080-exec-52] org.apache.catalina.core.StandardContext.reload Reloading Context with name [/Project_banhang] has started
31-Jan-2024 15:52:32.421 WARNING [http-nio-8080-exec-52] org.apache.catalina.loader.WebappClassLoaderBase.clearReferencesJdbc The web application [Project_banhang] registered the JDBC driver [com.microsoft.sqlserver.jdbc.SQLServerDriver] but failed to unregister it when the web application was stopped. To prevent a memory leak, the JDBC Driver has been forcibly unregistered.
31-Jan-2024 15:52:32.733 INFO [http-nio-8080-exec-52] org.apache.jasper.servlet.TldScanner.scanJars At least one JAR was scanned for TLDs yet contained no TLDs. Enable debug logging for this logger for a complete list of JARs that were scanned but no TLDs were found in them. Skipping unneeded JARs during scanning can improve startup time and JSP compilation time.
31-Jan-2024 15:52:32.746 INFO [http-nio-8080-exec-52] org.apache.catalina.core.StandardContext.reload Reloading Context with name [/Project_banhang] is completed
31-Jan-2024 15:53:09.321 INFO [http-nio-8080-exec-53] org.apache.catalina.core.StandardContext.reload Reloading Context with name [/Project_banhang] has started
31-Jan-2024 15:53:09.325 WARNING [http-nio-8080-exec-53] org.apache.catalina.loader.WebappClassLoaderBase.clearReferencesJdbc The web application [Project_banhang] registered the JDBC driver [com.microsoft.sqlserver.jdbc.SQLServerDriver] but failed to unregister it when the web application was stopped. To prevent a memory leak, the JDBC Driver has been forcibly unregistered.
31-Jan-2024 15:53:09.621 INFO [http-nio-8080-exec-53] org.apache.jasper.servlet.TldScanner.scanJars At least one JAR was scanned for TLDs yet contained no TLDs. Enable debug logging for this logger for a complete list of JARs that were scanned but no TLDs were found in them. Skipping unneeded JARs during scanning can improve startup time and JSP compilation time.
31-Jan-2024 15:53:09.631 INFO [http-nio-8080-exec-53] org.apache.catalina.core.StandardContext.reload Reloading Context with name [/Project_banhang] is completed
31-Jan-2024 15:57:32.142 INFO [http-nio-8080-exec-71] org.apache.catalina.core.StandardContext.reload Reloading Context with name [/se1841_home] has started
31-Jan-2024 15:57:32.146 WARNING [http-nio-8080-exec-71] org.apache.catalina.loader.WebappClassLoaderBase.clearReferencesJdbc The web application [se1841_home] registered the JDBC driver [com.microsoft.sqlserver.jdbc.SQLServerDriver] but failed to unregister it when the web application was stopped. To prevent a memory leak, the JDBC Driver has been forcibly unregistered.
31-Jan-2024 15:57:32.618 INFO [http-nio-8080-exec-71] org.apache.jasper.servlet.TldScanner.scanJars At least one JAR was scanned for TLDs yet contained no TLDs. Enable debug logging for this logger for a complete list of JARs that were scanned but no TLDs were found in them. Skipping unneeded JARs during scanning can improve startup time and JSP compilation time.
31-Jan-2024 15:57:32.629 INFO [http-nio-8080-exec-71] org.apache.catalina.core.StandardContext.reload Reloading Context with name [/se1841_home] is completed
31-Jan-2024 16:05:44.444 INFO [http-nio-8080-exec-74] org.apache.catalina.core.StandardContext.reload Reloading Context with name [/se1841_home] has started
31-Jan-2024 16:05:44.860 INFO [http-nio-8080-exec-74] org.apache.jasper.servlet.TldScanner.scanJars At least one JAR was scanned for TLDs yet contained no TLDs. Enable debug logging for this logger for a complete list of JARs that were scanned but no TLDs were found in them. Skipping unneeded JARs during scanning can improve startup time and JSP compilation time.
31-Jan-2024 16:05:44.871 INFO [http-nio-8080-exec-74] org.apache.catalina.core.StandardContext.reload Reloading Context with name [/se1841_home] is completed
31-Jan-2024 16:05:45.200 INFO [http-nio-8080-exec-75] org.apache.catalina.core.StandardContext.reload Reloading Context with name [/se1841_home] has started
31-Jan-2024 16:05:45.688 INFO [http-nio-8080-exec-75] org.apache.jasper.servlet.TldScanner.scanJars At least one JAR was scanned for TLDs yet contained no TLDs. Enable debug logging for this logger for a complete list of JARs that were scanned but no TLDs were found in them. Skipping unneeded JARs during scanning can improve startup time and JSP compilation time.
31-Jan-2024 16:05:45.701 INFO [http-nio-8080-exec-75] org.apache.catalina.core.StandardContext.reload Reloading Context with name [/se1841_home] is completed
31-Jan-2024 16:07:48.083 INFO [http-nio-8080-exec-84] org.apache.catalina.core.StandardContext.reload Reloading Context with name [/se1841_home] has started
31-Jan-2024 16:07:48.403 INFO [http-nio-8080-exec-84] org.apache.jasper.servlet.TldScanner.scanJars At least one JAR was scanned for TLDs yet contained no TLDs. Enable debug logging for this logger for a complete list of JARs that were scanned but no TLDs were found in them. Skipping unneeded JARs during scanning can improve startup time and JSP compilation time.
31-Jan-2024 16:07:48.415 INFO [http-nio-8080-exec-84] org.apache.catalina.core.StandardContext.reload Reloading Context with name [/se1841_home] is completed
31-Jan-2024 16:07:50.580 INFO [http-nio-8080-exec-83] org.apache.catalina.core.StandardContext.reload Reloading Context with name [/se1841_home] has started
31-Jan-2024 16:07:51.004 INFO [http-nio-8080-exec-83] org.apache.jasper.servlet.TldScanner.scanJars At least one JAR was scanned for TLDs yet contained no TLDs. Enable debug logging for this logger for a complete list of JARs that were scanned but no TLDs were found in them. Skipping unneeded JARs during scanning can improve startup time and JSP compilation time.
31-Jan-2024 16:07:51.019 INFO [http-nio-8080-exec-83] org.apache.catalina.core.StandardContext.reload Reloading Context with name [/se1841_home] is completed
31-Jan-2024 16:11:03.394 INFO [http-nio-8080-exec-89] org.apache.catalina.core.StandardContext.reload Reloading Context with name [/se1841_home] has started
31-Jan-2024 16:11:03.839 INFO [http-nio-8080-exec-89] org.apache.jasper.servlet.TldScanner.scanJars At least one JAR was scanned for TLDs yet contained no TLDs. Enable debug logging for this logger for a complete list of JARs that were scanned but no TLDs were found in them. Skipping unneeded JARs during scanning can improve startup time and JSP compilation time.
31-Jan-2024 16:11:03.853 INFO [http-nio-8080-exec-89] org.apache.catalina.core.StandardContext.reload Reloading Context with name [/se1841_home] is completed
31-Jan-2024 16:11:33.771 INFO [http-nio-8080-exec-82] org.apache.catalina.core.StandardContext.reload Reloading Context with name [/se1841_home] has started
31-Jan-2024 16:11:34.178 INFO [http-nio-8080-exec-82] org.apache.jasper.servlet.TldScanner.scanJars At least one JAR was scanned for TLDs yet contained no TLDs. Enable debug logging for this logger for a complete list of JARs that were scanned but no TLDs were found in them. Skipping unneeded JARs during scanning can improve startup time and JSP compilation time.
31-Jan-2024 16:11:34.193 INFO [http-nio-8080-exec-82] org.apache.catalina.core.StandardContext.reload Reloading Context with name [/se1841_home] is completed
31-Jan-2024 16:12:59.515 INFO [http-nio-8080-exec-90] org.apache.catalina.core.StandardContext.reload Reloading Context with name [/se1841_home] has started
31-Jan-2024 16:12:59.810 INFO [http-nio-8080-exec-90] org.apache.jasper.servlet.TldScanner.scanJars At least one JAR was scanned for TLDs yet contained no TLDs. Enable debug logging for this logger for a complete list of JARs that were scanned but no TLDs were found in them. Skipping unneeded JARs during scanning can improve startup time and JSP compilation time.
31-Jan-2024 16:12:59.820 INFO [http-nio-8080-exec-90] org.apache.catalina.core.StandardContext.reload Reloading Context with name [/se1841_home] is completed
31-Jan-2024 16:22:23.552 INFO [http-nio-8080-exec-96] org.apache.catalina.core.StandardContext.reload Reloading Context with name [/se1841_home] has started
31-Jan-2024 16:22:23.554 WARNING [http-nio-8080-exec-96] org.apache.catalina.loader.WebappClassLoaderBase.clearReferencesJdbc The web application [se1841_home] registered the JDBC driver [com.microsoft.sqlserver.jdbc.SQLServerDriver] but failed to unregister it when the web application was stopped. To prevent a memory leak, the JDBC Driver has been forcibly unregistered.
31-Jan-2024 16:22:23.873 INFO [http-nio-8080-exec-96] org.apache.jasper.servlet.TldScanner.scanJars At least one JAR was scanned for TLDs yet contained no TLDs. Enable debug logging for this logger for a complete list of JARs that were scanned but no TLDs were found in them. Skipping unneeded JARs during scanning can improve startup time and JSP compilation time.
31-Jan-2024 16:22:23.884 INFO [http-nio-8080-exec-96] org.apache.catalina.core.StandardContext.reload Reloading Context with name [/se1841_home] is completed
31-Jan-2024 16:25:48.201 INFO [http-nio-8080-exec-105] org.apache.catalina.core.StandardContext.reload Reloading Context with name [/se1841_home] has started
31-Jan-2024 16:25:48.574 INFO [http-nio-8080-exec-105] org.apache.jasper.servlet.TldScanner.scanJars At least one JAR was scanned for TLDs yet contained no TLDs. Enable debug logging for this logger for a complete list of JARs that were scanned but no TLDs were found in them. Skipping unneeded JARs during scanning can improve startup time and JSP compilation time.
31-Jan-2024 16:25:48.585 INFO [http-nio-8080-exec-105] org.apache.catalina.core.StandardContext.reload Reloading Context with name [/se1841_home] is completed
31-Jan-2024 16:25:48.908 INFO [http-nio-8080-exec-104] org.apache.catalina.core.StandardContext.reload Reloading Context with name [/se1841_home] has started
31-Jan-2024 16:25:49.311 INFO [http-nio-8080-exec-104] org.apache.jasper.servlet.TldScanner.scanJars At least one JAR was scanned for TLDs yet contained no TLDs. Enable debug logging for this logger for a complete list of JARs that were scanned but no TLDs were found in them. Skipping unneeded JARs during scanning can improve startup time and JSP compilation time.
31-Jan-2024 16:25:49.323 INFO [http-nio-8080-exec-104] org.apache.catalina.core.StandardContext.reload Reloading Context with name [/se1841_home] is completed
31-Jan-2024 16:26:03.330 INFO [http-nio-8080-exec-108] org.apache.catalina.core.StandardContext.reload Reloading Context with name [/se1841_home] has started
31-Jan-2024 16:26:03.682 INFO [http-nio-8080-exec-108] org.apache.jasper.servlet.TldScanner.scanJars At least one JAR was scanned for TLDs yet contained no TLDs. Enable debug logging for this logger for a complete list of JARs that were scanned but no TLDs were found in them. Skipping unneeded JARs during scanning can improve startup time and JSP compilation time.
31-Jan-2024 16:26:03.693 INFO [http-nio-8080-exec-108] org.apache.catalina.core.StandardContext.reload Reloading Context with name [/se1841_home] is completed
31-Jan-2024 16:26:04.016 INFO [http-nio-8080-exec-103] org.apache.catalina.core.StandardContext.reload Reloading Context with name [/se1841_home] has started
31-Jan-2024 16:26:04.430 INFO [http-nio-8080-exec-103] org.apache.jasper.servlet.TldScanner.scanJars At least one JAR was scanned for TLDs yet contained no TLDs. Enable debug logging for this logger for a complete list of JARs that were scanned but no TLDs were found in them. Skipping unneeded JARs during scanning can improve startup time and JSP compilation time.
31-Jan-2024 16:26:04.440 INFO [http-nio-8080-exec-103] org.apache.catalina.core.StandardContext.reload Reloading Context with name [/se1841_home] is completed
31-Jan-2024 16:26:27.526 INFO [http-nio-8080-exec-110] org.apache.catalina.core.StandardContext.reload Reloading Context with name [/se1841_home] has started
31-Jan-2024 16:26:27.881 INFO [http-nio-8080-exec-110] org.apache.jasper.servlet.TldScanner.scanJars At least one JAR was scanned for TLDs yet contained no TLDs. Enable debug logging for this logger for a complete list of JARs that were scanned but no TLDs were found in them. Skipping unneeded JARs during scanning can improve startup time and JSP compilation time.
31-Jan-2024 16:26:27.894 INFO [http-nio-8080-exec-110] org.apache.catalina.core.StandardContext.reload Reloading Context with name [/se1841_home] is completed
31-Jan-2024 16:26:29.175 INFO [http-nio-8080-exec-107] org.apache.catalina.core.StandardContext.reload Reloading Context with name [/se1841_home] has started
31-Jan-2024 16:26:29.503 INFO [http-nio-8080-exec-107] org.apache.jasper.servlet.TldScanner.scanJars At least one JAR was scanned for TLDs yet contained no TLDs. Enable debug logging for this logger for a complete list of JARs that were scanned but no TLDs were found in them. Skipping unneeded JARs during scanning can improve startup time and JSP compilation time.
31-Jan-2024 16:26:29.513 INFO [http-nio-8080-exec-107] org.apache.catalina.core.StandardContext.reload Reloading Context with name [/se1841_home] is completed
31-Jan-2024 16:26:55.363 INFO [http-nio-8080-exec-106] org.apache.catalina.core.StandardContext.reload Reloading Context with name [/se1841_home] has started
31-Jan-2024 16:26:55.661 INFO [http-nio-8080-exec-106] org.apache.jasper.servlet.TldScanner.scanJars At least one JAR was scanned for TLDs yet contained no TLDs. Enable debug logging for this logger for a complete list of JARs that were scanned but no TLDs were found in them. Skipping unneeded JARs during scanning can improve startup time and JSP compilation time.
31-Jan-2024 16:26:55.671 INFO [http-nio-8080-exec-106] org.apache.catalina.core.StandardContext.reload Reloading Context with name [/se1841_home] is completed
31-Jan-2024 17:07:36.432 WARNING [http-nio-8080-exec-121] org.apache.catalina.loader.WebappClassLoaderBase.clearReferencesJdbc The web application [se1841_home] registered the JDBC driver [com.microsoft.sqlserver.jdbc.SQLServerDriver] but failed to unregister it when the web application was stopped. To prevent a memory leak, the JDBC Driver has been forcibly unregistered.
31-Jan-2024 17:07:36.433 SEVERE [http-nio-8080-exec-121] org.apache.catalina.loader.WebappClassLoaderBase.checkThreadLocalMapForLeaks The web application [se1841_home] created a ThreadLocal with key of type [com.microsoft.sqlserver.jdbc.ActivityCorrelator$1] (value [com.microsoft.sqlserver.jdbc.ActivityCorrelator$1@6352ee04]) and a value of type [com.microsoft.sqlserver.jdbc.ActivityId] (value [f4f27ef9-cec4-45c9-be82-aafb85e43c5a-2]) but failed to remove it when the web application was stopped. Threads are going to be renewed over time to try and avoid a probable memory leak.
31-Jan-2024 17:07:36.433 SEVERE [http-nio-8080-exec-121] org.apache.catalina.loader.WebappClassLoaderBase.checkThreadLocalMapForLeaks The web application [se1841_home] created a ThreadLocal with key of type [com.microsoft.sqlserver.jdbc.ActivityCorrelator$1] (value [com.microsoft.sqlserver.jdbc.ActivityCorrelator$1@6352ee04]) and a value of type [com.microsoft.sqlserver.jdbc.ActivityId] (value [e43e8b70-4161-464d-a2ad-38112d4375ef-2]) but failed to remove it when the web application was stopped. Threads are going to be renewed over time to try and avoid a probable memory leak.
31-Jan-2024 17:07:36.433 SEVERE [http-nio-8080-exec-121] org.apache.catalina.loader.WebappClassLoaderBase.checkThreadLocalMapForLeaks The web application [se1841_home] created a ThreadLocal with key of type [com.microsoft.sqlserver.jdbc.ActivityCorrelator$1] (value [com.microsoft.sqlserver.jdbc.ActivityCorrelator$1@6352ee04]) and a value of type [com.microsoft.sqlserver.jdbc.ActivityId] (value [72f71af7-6123-4bbf-953d-a5547dc2d44d-1]) but failed to remove it when the web application was stopped. Threads are going to be renewed over time to try and avoid a probable memory leak.
31-Jan-2024 17:07:36.433 SEVERE [http-nio-8080-exec-121] org.apache.catalina.loader.WebappClassLoaderBase.checkThreadLocalMapForLeaks The web application [se1841_home] created a ThreadLocal with key of type [com.microsoft.sqlserver.jdbc.ActivityCorrelator$1] (value [com.microsoft.sqlserver.jdbc.ActivityCorrelator$1@6352ee04]) and a value of type [com.microsoft.sqlserver.jdbc.ActivityId] (value [5254cc17-a493-4d2d-b5a6-79db3206aa02-1]) but failed to remove it when the web application was stopped. Threads are going to be renewed over time to try and avoid a probable memory leak.
31-Jan-2024 17:07:36.433 SEVERE [http-nio-8080-exec-121] org.apache.catalina.loader.WebappClassLoaderBase.checkThreadLocalMapForLeaks The web application [se1841_home] created a ThreadLocal with key of type [com.microsoft.sqlserver.jdbc.ActivityCorrelator$1] (value [com.microsoft.sqlserver.jdbc.ActivityCorrelator$1@6352ee04]) and a value of type [com.microsoft.sqlserver.jdbc.ActivityId] (value [5e479089-5c44-445e-b459-e66a28e0acfb-1]) but failed to remove it when the web application was stopped. Threads are going to be renewed over time to try and avoid a probable memory leak.
31-Jan-2024 17:07:36.938 INFO [http-nio-8080-exec-121] org.apache.catalina.startup.HostConfig.undeploy Undeploying context [/se1841_home]
31-Jan-2024 17:07:36.948 INFO [http-nio-8080-exec-117] org.apache.catalina.startup.HostConfig.deployDescriptor Deploying deployment descriptor [C:\apache-tomcat-10.1.17\conf\Catalina\localhost\se1841_home.xml]
31-Jan-2024 17:07:36.949 WARNING [http-nio-8080-exec-117] org.apache.catalina.startup.HostConfig.deployDescriptor The path attribute with value [/se1841_home] in deployment descriptor [C:\apache-tomcat-10.1.17\conf\Catalina\localhost\se1841_home.xml] has been ignored
31-Jan-2024 17:07:37.217 INFO [http-nio-8080-exec-117] org.apache.jasper.servlet.TldScanner.scanJars At least one JAR was scanned for TLDs yet contained no TLDs. Enable debug logging for this logger for a complete list of JARs that were scanned but no TLDs were found in them. Skipping unneeded JARs during scanning can improve startup time and JSP compilation time.
31-Jan-2024 17:07:37.226 INFO [http-nio-8080-exec-117] org.apache.catalina.startup.HostConfig.deployDescriptor Deployment of deployment descriptor [C:\apache-tomcat-10.1.17\conf\Catalina\localhost\se1841_home.xml] has finished in [278] ms
31-Jan-2024 17:07:37.229 INFO [http-nio-8080-exec-115] org.apache.catalina.util.LifecycleBase.start The start() method was called on component [StandardEngine[Catalina].StandardHost[localhost].StandardContext[/se1841_home]] after start() had already been called. The second call will be ignored.
31-Jan-2024 17:18:13.851 INFO [main] org.apache.catalina.core.StandardServer.await A valid shutdown command was received via the shutdown port. Stopping the Server instance.
31-Jan-2024 17:18:13.852 INFO [main] org.apache.coyote.AbstractProtocol.pause Pausing ProtocolHandler ["http-nio-8080"]
31-Jan-2024 17:18:13.858 INFO [main] org.apache.catalina.core.StandardService.stopInternal Stopping service [Catalina]
31-Jan-2024 17:18:13.863 WARNING [main] org.apache.catalina.loader.WebappClassLoaderBase.clearReferencesJdbc The web application [se1841_home] registered the JDBC driver [com.microsoft.sqlserver.jdbc.SQLServerDriver] but failed to unregister it when the web application was stopped. To prevent a memory leak, the JDBC Driver has been forcibly unregistered.
31-Jan-2024 17:18:13.863 SEVERE [main] org.apache.catalina.loader.WebappClassLoaderBase.checkThreadLocalMapForLeaks The web application [se1841_home] created a ThreadLocal with key of type [com.microsoft.sqlserver.jdbc.ActivityCorrelator$1] (value [com.microsoft.sqlserver.jdbc.ActivityCorrelator$1@3cd758be]) and a value of type [com.microsoft.sqlserver.jdbc.ActivityId] (value [3ffd28e9-5b71-46e1-9a62-5358853dfa91-1]) but failed to remove it when the web application was stopped. Threads are going to be renewed over time to try and avoid a probable memory leak.
31-Jan-2024 17:18:13.874 INFO [main] org.apache.coyote.AbstractProtocol.stop Stopping ProtocolHandler ["http-nio-8080"]
31-Jan-2024 17:18:13.893 INFO [main] org.apache.coyote.AbstractProtocol.destroy Destroying ProtocolHandler ["http-nio-8080"]
