31-Jan-2024 12:32:51.602 INFO [main] org.apache.catalina.core.ApplicationContext.log ContextListener: contextInitialized()
31-Jan-2024 12:32:51.602 INFO [main] org.apache.catalina.core.ApplicationContext.log SessionListener: contextInitialized()
31-Jan-2024 12:32:51.606 INFO [main] org.apache.catalina.core.ApplicationContext.log ContextListener: attributeAdded('StockTicker', 'async.Stockticker@5a205ee5')
31-Jan-2024 13:38:01.362 SEVERE [http-nio-8080-exec-46] org.apache.catalina.core.StandardWrapperValve.invoke Servlet.service() for servlet [ListServlet] in context with path [/se1841_home] threw exception
	java.lang.NullPointerException: Cannot invoke "java.sql.Connection.createStatement(int, int)" because "this.conn" is null
		at model.DaoProducts.getAll(DaoProducts.java:144)
		at controller.ListServlet.doGet(ListServlet.java:64)
		at jakarta.servlet.http.HttpServlet.service(HttpServlet.java:564)
		at jakarta.servlet.http.HttpServlet.service(HttpServlet.java:658)
		at org.apache.catalina.core.ApplicationFilterChain.internalDoFilter(ApplicationFilterChain.java:205)
		at org.apache.catalina.core.ApplicationFilterChain.doFilter(ApplicationFilterChain.java:149)
		at org.apache.tomcat.websocket.server.WsFilter.doFilter(WsFilter.java:51)
		at org.apache.catalina.core.ApplicationFilterChain.internalDoFilter(ApplicationFilterChain.java:174)
		at org.apache.catalina.core.ApplicationFilterChain.doFilter(ApplicationFilterChain.java:149)
		at org.apache.catalina.core.StandardWrapperValve.invoke(StandardWrapperValve.java:167)
		at org.apache.catalina.core.StandardContextValve.invoke(StandardContextValve.java:90)
		at org.apache.catalina.authenticator.AuthenticatorBase.invoke(AuthenticatorBase.java:482)
		at org.apache.catalina.core.StandardHostValve.invoke(StandardHostValve.java:115)
		at org.apache.catalina.valves.ErrorReportValve.invoke(ErrorReportValve.java:93)
		at org.apache.catalina.valves.AbstractAccessLogValve.invoke(AbstractAccessLogValve.java:673)
		at org.apache.catalina.core.StandardEngineValve.invoke(StandardEngineValve.java:74)
		at org.apache.catalina.connector.CoyoteAdapter.service(CoyoteAdapter.java:340)
		at org.apache.coyote.http11.Http11Processor.service(Http11Processor.java:391)
		at org.apache.coyote.AbstractProcessorLight.process(AbstractProcessorLight.java:63)
		at org.apache.coyote.AbstractProtocol$ConnectionHandler.process(AbstractProtocol.java:896)
		at org.apache.tomcat.util.net.NioEndpoint$SocketProcessor.doRun(NioEndpoint.java:1744)
		at org.apache.tomcat.util.net.SocketProcessorBase.run(SocketProcessorBase.java:52)
		at org.apache.tomcat.util.threads.ThreadPoolExecutor.runWorker(ThreadPoolExecutor.java:1191)
		at org.apache.tomcat.util.threads.ThreadPoolExecutor$Worker.run(ThreadPoolExecutor.java:659)
		at org.apache.tomcat.util.threads.TaskThread$WrappingRunnable.run(TaskThread.java:61)
		at java.base/java.lang.Thread.run(Thread.java:842)
31-Jan-2024 14:32:48.124 INFO [main] org.apache.catalina.core.ApplicationContext.log SessionListener: contextDestroyed()
31-Jan-2024 14:32:48.124 INFO [main] org.apache.catalina.core.ApplicationContext.log ContextListener: contextDestroyed()
31-Jan-2024 15:14:39.789 INFO [main] org.apache.catalina.core.ApplicationContext.log ContextListener: contextInitialized()
31-Jan-2024 15:14:39.789 INFO [main] org.apache.catalina.core.ApplicationContext.log SessionListener: contextInitialized()
31-Jan-2024 15:14:39.792 INFO [main] org.apache.catalina.core.ApplicationContext.log ContextListener: attributeAdded('StockTicker', 'async.Stockticker@cef23a8')
31-Jan-2024 17:18:13.865 INFO [main] org.apache.catalina.core.ApplicationContext.log SessionListener: contextDestroyed()
31-Jan-2024 17:18:13.865 INFO [main] org.apache.catalina.core.ApplicationContext.log ContextListener: contextDestroyed()
