27-Jan-2024 20:53:47.737 INFO [http-nio-8080-exec-5] org.apache.catalina.core.ApplicationContext.log Manager: init: Associated with Deployer 'Catalina:type=Deployer,host=localhost'
27-Jan-2024 20:53:47.737 INFO [http-nio-8080-exec-5] org.apache.catalina.core.ApplicationContext.log Manager: init: Global resources are available
27-Jan-2024 20:53:47.971 INFO [http-nio-8080-exec-8] org.apache.catalina.core.ApplicationContext.log Manager: list: Listing contexts for virtual host 'localhost'
27-Jan-2024 20:53:47.976 INFO [http-nio-8080-exec-9] org.apache.catalina.core.ApplicationContext.log Manager: list: Listing contexts for virtual host 'localhost'
27-Jan-2024 20:53:47.994 INFO [http-nio-8080-exec-10] org.apache.catalina.core.ApplicationContext.log Manager: undeploy: Undeploying web application at '/new1'
27-Jan-2024 20:53:48.520 INFO [http-nio-8080-exec-2] org.apache.catalina.core.ApplicationContext.log Manager: install: Installing context configuration at 'file:/C:/Users/Acer/AppData/Local/Temp/context3541210598674443405.xml'
27-Jan-2024 20:53:48.553 INFO [http-nio-8080-exec-8] org.apache.catalina.core.ApplicationContext.log Manager: start: Starting web application '/new1'
27-Jan-2024 20:54:31.875 INFO [http-nio-8080-exec-16] org.apache.catalina.core.ApplicationContext.log Manager: list: Listing contexts for virtual host 'localhost'
27-Jan-2024 20:54:31.891 INFO [http-nio-8080-exec-4] org.apache.catalina.core.ApplicationContext.log Manager: undeploy: Undeploying web application at '/new1'
27-Jan-2024 20:54:32.410 INFO [http-nio-8080-exec-8] org.apache.catalina.core.ApplicationContext.log Manager: install: Installing context configuration at 'file:/C:/Users/Acer/AppData/Local/Temp/context11349892347172801160.xml'
27-Jan-2024 20:54:59.958 INFO [http-nio-8080-exec-8] org.apache.catalina.core.ApplicationContext.log Manager: list: Listing contexts for virtual host 'localhost'
27-Jan-2024 21:02:19.701 INFO [http-nio-8080-exec-25] org.apache.catalina.core.ApplicationContext.log Manager: list: Listing contexts for virtual host 'localhost'
27-Jan-2024 21:02:19.703 INFO [http-nio-8080-exec-19] org.apache.catalina.core.ApplicationContext.log Manager: list: Listing contexts for virtual host 'localhost'
27-Jan-2024 21:02:19.710 INFO [http-nio-8080-exec-26] org.apache.catalina.core.ApplicationContext.log Manager: undeploy: Undeploying web application at '/new1'
27-Jan-2024 21:02:20.221 INFO [http-nio-8080-exec-24] org.apache.catalina.core.ApplicationContext.log Manager: install: Installing context configuration at 'file:/C:/Users/Acer/AppData/Local/Temp/context9994676603313963836.xml'
27-Jan-2024 21:02:20.248 INFO [http-nio-8080-exec-23] org.apache.catalina.core.ApplicationContext.log Manager: start: Starting web application '/tinhtoan'
27-Jan-2024 21:02:53.711 INFO [http-nio-8080-exec-31] org.apache.catalina.core.ApplicationContext.log Manager: list: Listing contexts for virtual host 'localhost'
27-Jan-2024 21:02:53.714 INFO [http-nio-8080-exec-27] org.apache.catalina.core.ApplicationContext.log Manager: list: Listing contexts for virtual host 'localhost'
27-Jan-2024 21:04:13.565 INFO [http-nio-8080-exec-34] org.apache.catalina.core.ApplicationContext.log Manager: list: Listing contexts for virtual host 'localhost'
27-Jan-2024 21:04:13.571 INFO [http-nio-8080-exec-22] org.apache.catalina.core.ApplicationContext.log Manager: undeploy: Undeploying web application at '/tinhtoan'
27-Jan-2024 21:04:14.087 INFO [http-nio-8080-exec-27] org.apache.catalina.core.ApplicationContext.log Manager: install: Installing context configuration at 'file:/C:/Users/Acer/AppData/Local/Temp/context9298132860231510206.xml'
27-Jan-2024 21:04:18.796 INFO [http-nio-8080-exec-31] org.apache.catalina.core.ApplicationContext.log Manager: list: Listing contexts for virtual host 'localhost'
27-Jan-2024 21:04:18.798 INFO [http-nio-8080-exec-27] org.apache.catalina.core.ApplicationContext.log Manager: list: Listing contexts for virtual host 'localhost'
27-Jan-2024 21:04:18.803 INFO [http-nio-8080-exec-32] org.apache.catalina.core.ApplicationContext.log Manager: undeploy: Undeploying web application at '/tinhtoan'
27-Jan-2024 21:04:19.318 INFO [http-nio-8080-exec-28] org.apache.catalina.core.ApplicationContext.log Manager: install: Installing context configuration at 'file:/C:/Users/Acer/AppData/Local/Temp/context3256443247564026388.xml'
27-Jan-2024 21:04:19.344 INFO [http-nio-8080-exec-33] org.apache.catalina.core.ApplicationContext.log Manager: start: Starting web application '/tinhtoan.html'
27-Jan-2024 21:04:47.931 INFO [http-nio-8080-exec-33] org.apache.catalina.core.ApplicationContext.log Manager: list: Listing contexts for virtual host 'localhost'
27-Jan-2024 21:08:37.105 INFO [http-nio-8080-exec-43] org.apache.catalina.core.ApplicationContext.log Manager: list: Listing contexts for virtual host 'localhost'
27-Jan-2024 21:08:37.107 INFO [http-nio-8080-exec-46] org.apache.catalina.core.ApplicationContext.log Manager: list: Listing contexts for virtual host 'localhost'
27-Jan-2024 21:08:37.112 INFO [http-nio-8080-exec-47] org.apache.catalina.core.ApplicationContext.log Manager: undeploy: Undeploying web application at '/tinhtoan.html'
27-Jan-2024 21:08:37.633 INFO [http-nio-8080-exec-44] org.apache.catalina.core.ApplicationContext.log Manager: install: Installing context configuration at 'file:/C:/Users/Acer/AppData/Local/Temp/context14790019280567391369.xml'
27-Jan-2024 21:08:37.658 INFO [http-nio-8080-exec-39] org.apache.catalina.core.ApplicationContext.log Manager: start: Starting web application '/tinhtoan.html'
27-Jan-2024 21:08:40.211 INFO [http-nio-8080-exec-49] org.apache.catalina.core.ApplicationContext.log Manager: list: Listing contexts for virtual host 'localhost'
27-Jan-2024 21:08:40.213 INFO [http-nio-8080-exec-46] org.apache.catalina.core.ApplicationContext.log Manager: list: Listing contexts for virtual host 'localhost'
27-Jan-2024 21:08:51.716 INFO [http-nio-8080-exec-40] org.apache.catalina.core.ApplicationContext.log Manager: list: Listing contexts for virtual host 'localhost'
27-Jan-2024 21:31:54.181 INFO [http-nio-8080-exec-52] org.apache.catalina.core.ApplicationContext.log Manager: list: Listing contexts for virtual host 'localhost'
27-Jan-2024 21:31:54.187 INFO [http-nio-8080-exec-57] org.apache.catalina.core.ApplicationContext.log Manager: undeploy: Undeploying web application at '/tinhtoan.html'
27-Jan-2024 21:31:54.701 INFO [http-nio-8080-exec-48] org.apache.catalina.core.ApplicationContext.log Manager: install: Installing context configuration at 'file:/C:/Users/Acer/AppData/Local/Temp/context3341195872273812270.xml'
27-Jan-2024 21:31:58.369 INFO [http-nio-8080-exec-50] org.apache.catalina.core.ApplicationContext.log Manager: list: Listing contexts for virtual host 'localhost'
27-Jan-2024 21:31:58.372 INFO [http-nio-8080-exec-52] org.apache.catalina.core.ApplicationContext.log Manager: list: Listing contexts for virtual host 'localhost'
27-Jan-2024 21:31:58.388 INFO [http-nio-8080-exec-49] org.apache.catalina.core.ApplicationContext.log Manager: undeploy: Undeploying web application at '/tinhtoan.html'
27-Jan-2024 21:31:58.901 INFO [http-nio-8080-exec-48] org.apache.catalina.core.ApplicationContext.log Manager: install: Installing context configuration at 'file:/C:/Users/Acer/AppData/Local/Temp/context6993478772616569163.xml'
27-Jan-2024 21:31:58.932 INFO [http-nio-8080-exec-50] org.apache.catalina.core.ApplicationContext.log Manager: start: Starting web application '/TestDemoWeb'
27-Jan-2024 21:37:04.450 INFO [http-nio-8080-exec-60] org.apache.catalina.core.ApplicationContext.log Manager: list: Listing contexts for virtual host 'localhost'
27-Jan-2024 21:37:04.454 INFO [http-nio-8080-exec-65] org.apache.catalina.core.ApplicationContext.log Manager: restart: Reloading web application '/TestDemoWeb'
27-Jan-2024 21:43:42.169 INFO [http-nio-8080-exec-70] org.apache.catalina.core.ApplicationContext.log Manager: list: Listing contexts for virtual host 'localhost'
27-Jan-2024 21:43:42.173 INFO [http-nio-8080-exec-71] org.apache.catalina.core.ApplicationContext.log Manager: restart: Reloading web application '/TestDemoWeb'
27-Jan-2024 21:43:42.252 INFO [http-nio-8080-exec-70] org.apache.catalina.core.ApplicationContext.log Manager: list: Listing contexts for virtual host 'localhost'
27-Jan-2024 21:43:42.256 INFO [http-nio-8080-exec-71] org.apache.catalina.core.ApplicationContext.log Manager: list: Listing contexts for virtual host 'localhost'
27-Jan-2024 21:43:42.272 INFO [http-nio-8080-exec-75] org.apache.catalina.core.ApplicationContext.log Manager: restart: Reloading web application '/TestDemoWeb'
27-Jan-2024 21:48:08.607 INFO [http-nio-8080-exec-83] org.apache.catalina.core.ApplicationContext.log Manager: list: Listing contexts for virtual host 'localhost'
27-Jan-2024 21:48:12.534 INFO [http-nio-8080-exec-80] org.apache.catalina.core.ApplicationContext.log Manager: list: Listing contexts for virtual host 'localhost'
27-Jan-2024 21:48:12.538 INFO [http-nio-8080-exec-77] org.apache.catalina.core.ApplicationContext.log Manager: restart: Reloading web application '/TestDemoWeb'
